This file contains any messages produced by compilers while
running configure, to aid debugging if configure makes a mistake.

It was created by xtrans configure 1.4.0, which was
generated by GNU Autoconf 2.69.  Invocation command line was

  $ ./configure --prefix=/usr/local/xtrans/1_4_0

## --------- ##
## Platform. ##
## --------- ##

hostname = DESKTOP-8MBSEF0
uname -m = x86_64
uname -r = 5.10.16.3-microsoft-standard-WSL2
uname -s = Linux
uname -v = #1 SMP Fri Apr 2 22:23:49 UTC 2021

/usr/bin/uname -p = x86_64
/bin/uname -X     = unknown

/bin/arch              = x86_64
/usr/bin/arch -k       = unknown
/usr/convex/getsysinfo = unknown
/usr/bin/hostinfo      = unknown
/bin/machine           = unknown
/usr/bin/oslevel       = unknown
/bin/universe          = unknown

PATH: /usr/local/sbin
PATH: /usr/local/bin
PATH: /usr/sbin
PATH: /usr/bin
PATH: /sbin
PATH: /bin
PATH: /usr/games
PATH: /usr/local/games
PATH: /usr/lib/wsl/lib
PATH: /mnt/c/Program Files/WindowsApps/CanonicalGroupLimited.Ubuntu_2004.4.4.0_x64__79rhkp1fndgsc
PATH: /mnt/c/Program Files/Eclipse Foundation/jdk-8.0.302.8-hotspot/bin
PATH: /mnt/c/Program Files/Common Files/Oracle/Java/javapath
PATH: /mnt/c/Program Files (x86)/Common Files/Oracle/Java/javapath
PATH: /mnt/c/Windows/system32
PATH: /mnt/c/Windows
PATH: /mnt/c/Windows/System32/Wbem
PATH: /mnt/c/Windows/System32/WindowsPowerShell/v1.0/
PATH: /mnt/c/Windows/System32/OpenSSH/
PATH: /mnt/c/Program Files (x86)/NVIDIA Corporation/PhysX/Common
PATH: /mnt/c/Program Files/NVIDIA Corporation/NVIDIA NvDLISR
PATH: /mnt/c/WINDOWS/system32
PATH: /mnt/c/WINDOWS
PATH: /mnt/c/WINDOWS/System32/Wbem
PATH: /mnt/c/WINDOWS/System32/WindowsPowerShell/v1.0/
PATH: /mnt/c/WINDOWS/System32/OpenSSH/
PATH: /mnt/c/ProgramData/chocolatey/bin
PATH: /mnt/c/Program Files/Microsoft SQL Server/130/Tools/Binn/
PATH: /mnt/c/Program Files/Git/cmd
PATH: /mnt/c/Strawberry/c/bin
PATH: /mnt/c/Strawberry/perl/site/bin
PATH: /mnt/c/Strawberry/perl/bin
PATH: /mnt/c/php81
PATH: /mnt/c/Program Files/PuTTY/
PATH: /mnt/c/Program Files/nodejs/
PATH: /mnt/c/Program Files/dotnet/
PATH: /mnt/c/Users/Nutzer/AppData/Local/Microsoft/WindowsApps
PATH: /mnt/c/Users/Nutzer/Downloads/apache-maven-3.6.3-bin/apache-maven-3.6.3/bin
PATH: /mnt/c/Users/Nutzer/AppData/Local/GitHubDesktop/bin
PATH: /mnt/c/Users/Nutzer/AppData/Local/Microsoft/WindowsApps
PATH: /mnt/c/Users/Nutzer/AppData/Roaming/cabal/bin
PATH: /mnt/c/tools/ghc-9.0.1/bin
PATH: /mnt/c/tools/msys64
PATH: /mnt/d/Benutzer/Microsoft VS Code/bin
PATH: /mnt/c/Users/Nutzer/AppData/Local/Programs/MiKTeX/miktex/bin/x64/
PATH: /mnt/c/Users/Nutzer/spicetify-cli
PATH: /mnt/c/Users/Nutzer/AppData/Roaming/npm
PATH: /mnt/c/Program Files/Multipass/bin
PATH: /mnt/c/Users/Nutzer/.dotnet/tools
PATH: /snap/bin


## ----------- ##
## Core tests. ##
## ----------- ##

configure:2294: checking for a BSD-compatible install
configure:2362: result: /usr/bin/install -c
configure:2373: checking whether build environment is sane
configure:2428: result: yes
configure:2577: checking for a thread-safe mkdir -p
configure:2616: result: /usr/bin/mkdir -p
configure:2623: checking for gawk
configure:2639: found /usr/bin/gawk
configure:2650: result: gawk
configure:2661: checking whether make sets $(MAKE)
configure:2683: result: yes
configure:2712: checking whether make supports nested variables
configure:2729: result: yes
configure:2880: checking for style of include used by make
configure:2908: result: GNU
configure:2979: checking for gcc
configure:2995: found /usr/bin/gcc
configure:3006: result: gcc
configure:3235: checking for C compiler version
configure:3244: gcc --version >&5
gcc (Ubuntu 9.4.0-1ubuntu1~20.04.1) 9.4.0
Copyright (C) 2019 Free Software Foundation, Inc.
This is free software; see the source for copying conditions.  There is NO
warranty; not even for MERCHANTABILITY or FITNESS FOR A PARTICULAR PURPOSE.

configure:3255: $? = 0
configure:3244: gcc -v >&5
Using built-in specs.
COLLECT_GCC=gcc
COLLECT_LTO_WRAPPER=/usr/lib/gcc/x86_64-linux-gnu/9/lto-wrapper
OFFLOAD_TARGET_NAMES=nvptx-none:hsa
OFFLOAD_TARGET_DEFAULT=1
Target: x86_64-linux-gnu
Configured with: ../src/configure -v --with-pkgversion='Ubuntu 9.4.0-1ubuntu1~20.04.1' --with-bugurl=file:///usr/share/doc/gcc-9/README.Bugs --enable-languages=c,ada,c++,go,brig,d,fortran,objc,obj-c++,gm2 --prefix=/usr --with-gcc-major-version-only --program-suffix=-9 --program-prefix=x86_64-linux-gnu- --enable-shared --enable-linker-build-id --libexecdir=/usr/lib --without-included-gettext --enable-threads=posix --libdir=/usr/lib --enable-nls --enable-clocale=gnu --enable-libstdcxx-debug --enable-libstdcxx-time=yes --with-default-libstdcxx-abi=new --enable-gnu-unique-object --disable-vtable-verify --enable-plugin --enable-default-pie --with-system-zlib --with-target-system-zlib=auto --enable-objc-gc=auto --enable-multiarch --disable-werror --with-arch-32=i686 --with-abi=m64 --with-multilib-list=m32,m64,mx32 --enable-multilib --with-tune=generic --enable-offload-targets=nvptx-none=/build/gcc-9-Av3uEd/gcc-9-9.4.0/debian/tmp-nvptx/usr,hsa --without-cuda-driver --enable-checking=release --build=x86_64-linux-gnu --host=x86_64-linux-gnu --target=x86_64-linux-gnu
Thread model: posix
gcc version 9.4.0 (Ubuntu 9.4.0-1ubuntu1~20.04.1) 
configure:3255: $? = 0
configure:3244: gcc -V >&5
gcc: error: unrecognized command line option '-V'
gcc: fatal error: no input files
compilation terminated.
configure:3255: $? = 1
configure:3244: gcc -qversion >&5
gcc: error: unrecognized command line option '-qversion'; did you mean '--version'?
gcc: fatal error: no input files
compilation terminated.
configure:3255: $? = 1
configure:3275: checking whether the C compiler works
configure:3297: gcc    conftest.c  >&5
configure:3301: $? = 0
configure:3349: result: yes
configure:3352: checking for C compiler default output file name
configure:3354: result: a.out
configure:3360: checking for suffix of executables
configure:3367: gcc -o conftest    conftest.c  >&5
configure:3371: $? = 0
configure:3393: result: 
configure:3415: checking whether we are cross compiling
configure:3423: gcc -o conftest    conftest.c  >&5
configure:3427: $? = 0
configure:3434: ./conftest
configure:3438: $? = 0
configure:3426: result: no
configure:3431: checking for suffix of object files
configure:3453: gcc -c   conftest.c >&5
configure:3457: $? = 0
configure:3478: result: o
configure:3482: checking whether we are using the GNU C compiler
configure:3501: gcc -c   conftest.c >&5
configure:3501: $? = 0
configure:3510: result: yes
configure:3519: checking whether gcc accepts -g
configure:3539: gcc -c -g  conftest.c >&5
configure:3539: $? = 0
configure:3580: result: yes
configure:3597: checking for gcc option to accept ISO C89
configure:3660: gcc  -c -g -O2  conftest.c >&5
configure:3660: $? = 0
configure:3673: result: none needed
configure:3698: checking whether gcc understands -c and -o together
configure:3720: gcc -c conftest.c -o conftest2.o
configure:3723: $? = 0
configure:3720: gcc -c conftest.c -o conftest2.o
configure:3723: $? = 0
configure:3735: result: yes
configure:3754: checking dependency style of gcc
configure:3865: result: none
configure:3880: checking for gcc option to accept ISO C99
configure:4029: gcc  -c -g -O2  conftest.c >&5
configure:4029: $? = 0
configure:4042: result: none needed
configure:4063: checking how to run the C preprocessor
configure:4094: gcc -E  conftest.c
configure:4094: $? = 0
configure:4108: gcc -E  conftest.c
conftest.c:11:10: fatal error: ac_nonexistent.h: No such file or directory
   11 | #include <ac_nonexistent.h>
      |          ^~~~~~~~~~~~~~~~~~
compilation terminated.
configure:4108: $? = 1
configure: failed program was:
| /* confdefs.h */
| #define PACKAGE_NAME "xtrans"
| #define PACKAGE_TARNAME "xtrans"
| #define PACKAGE_VERSION "1.4.0"
| #define PACKAGE_STRING "xtrans 1.4.0"
| #define PACKAGE_BUGREPORT "https://gitlab.freedesktop.org/xorg/lib/libxtrans/issues"
| #define PACKAGE_URL ""
| #define PACKAGE "xtrans"
| #define VERSION "1.4.0"
| /* end confdefs.h.  */
| #include <ac_nonexistent.h>
configure:4133: result: gcc -E
configure:4153: gcc -E  conftest.c
configure:4153: $? = 0
configure:4167: gcc -E  conftest.c
conftest.c:11:10: fatal error: ac_nonexistent.h: No such file or directory
   11 | #include <ac_nonexistent.h>
      |          ^~~~~~~~~~~~~~~~~~
compilation terminated.
configure:4167: $? = 1
configure: failed program was:
| /* confdefs.h */
| #define PACKAGE_NAME "xtrans"
| #define PACKAGE_TARNAME "xtrans"
| #define PACKAGE_VERSION "1.4.0"
| #define PACKAGE_STRING "xtrans 1.4.0"
| #define PACKAGE_BUGREPORT "https://gitlab.freedesktop.org/xorg/lib/libxtrans/issues"
| #define PACKAGE_URL ""
| #define PACKAGE "xtrans"
| #define VERSION "1.4.0"
| /* end confdefs.h.  */
| #include <ac_nonexistent.h>
configure:4196: checking for grep that handles long lines and -e
configure:4254: result: /usr/bin/grep
configure:4259: checking for egrep
configure:4321: result: /usr/bin/grep -E
configure:4326: checking for ANSI C header files
configure:4346: gcc -c -g -O2  conftest.c >&5
configure:4346: $? = 0
configure:4419: gcc -o conftest -g -O2   conftest.c  >&5
configure:4419: $? = 0
configure:4419: ./conftest
configure:4419: $? = 0
configure:4430: result: yes
configure:4443: checking for sys/types.h
configure:4443: gcc -c -g -O2  conftest.c >&5
configure:4443: $? = 0
configure:4443: result: yes
configure:4443: checking for sys/stat.h
configure:4443: gcc -c -g -O2  conftest.c >&5
configure:4443: $? = 0
configure:4443: result: yes
configure:4443: checking for stdlib.h
configure:4443: gcc -c -g -O2  conftest.c >&5
configure:4443: $? = 0
configure:4443: result: yes
configure:4443: checking for string.h
configure:4443: gcc -c -g -O2  conftest.c >&5
configure:4443: $? = 0
configure:4443: result: yes
configure:4443: checking for memory.h
configure:4443: gcc -c -g -O2  conftest.c >&5
configure:4443: $? = 0
configure:4443: result: yes
configure:4443: checking for strings.h
configure:4443: gcc -c -g -O2  conftest.c >&5
configure:4443: $? = 0
configure:4443: result: yes
configure:4443: checking for inttypes.h
configure:4443: gcc -c -g -O2  conftest.c >&5
configure:4443: $? = 0
configure:4443: result: yes
configure:4443: checking for stdint.h
configure:4443: gcc -c -g -O2  conftest.c >&5
configure:4443: $? = 0
configure:4443: result: yes
configure:4443: checking for unistd.h
configure:4443: gcc -c -g -O2  conftest.c >&5
configure:4443: $? = 0
configure:4443: result: yes
configure:4459: checking whether __clang__ is declared
configure:4459: gcc -c -g -O2  conftest.c >&5
conftest.c: In function 'main':
conftest.c:61:10: error: '__clang__' undeclared (first use in this function)
   61 |   (void) __clang__;
      |          ^~~~~~~~~
conftest.c:61:10: note: each undeclared identifier is reported only once for each function it appears in
configure:4459: $? = 1
configure: failed program was:
| /* confdefs.h */
| #define PACKAGE_NAME "xtrans"
| #define PACKAGE_TARNAME "xtrans"
| #define PACKAGE_VERSION "1.4.0"
| #define PACKAGE_STRING "xtrans 1.4.0"
| #define PACKAGE_BUGREPORT "https://gitlab.freedesktop.org/xorg/lib/libxtrans/issues"
| #define PACKAGE_URL ""
| #define PACKAGE "xtrans"
| #define VERSION "1.4.0"
| #define STDC_HEADERS 1
| #define HAVE_SYS_TYPES_H 1
| #define HAVE_SYS_STAT_H 1
| #define HAVE_STDLIB_H 1
| #define HAVE_STRING_H 1
| #define HAVE_MEMORY_H 1
| #define HAVE_STRINGS_H 1
| #define HAVE_INTTYPES_H 1
| #define HAVE_STDINT_H 1
| #define HAVE_UNISTD_H 1
| /* end confdefs.h.  */
| #include <stdio.h>
| #ifdef HAVE_SYS_TYPES_H
| # include <sys/types.h>
| #endif
| #ifdef HAVE_SYS_STAT_H
| # include <sys/stat.h>
| #endif
| #ifdef STDC_HEADERS
| # include <stdlib.h>
| # include <stddef.h>
| #else
| # ifdef HAVE_STDLIB_H
| #  include <stdlib.h>
| # endif
| #endif
| #ifdef HAVE_STRING_H
| # if !defined STDC_HEADERS && defined HAVE_MEMORY_H
| #  include <memory.h>
| # endif
| # include <string.h>
| #endif
| #ifdef HAVE_STRINGS_H
| # include <strings.h>
| #endif
| #ifdef HAVE_INTTYPES_H
| # include <inttypes.h>
| #endif
| #ifdef HAVE_STDINT_H
| # include <stdint.h>
| #endif
| #ifdef HAVE_UNISTD_H
| # include <unistd.h>
| #endif
| int
| main ()
| {
| #ifndef __clang__
| #ifdef __cplusplus
|   (void) __clang__;
| #else
|   (void) __clang__;
| #endif
| #endif
| 
|   ;
|   return 0;
| }
configure:4459: result: no
configure:4466: checking whether __INTEL_COMPILER is declared
configure:4466: gcc -c -g -O2  conftest.c >&5
conftest.c: In function 'main':
conftest.c:61:10: error: '__INTEL_COMPILER' undeclared (first use in this function)
   61 |   (void) __INTEL_COMPILER;
      |          ^~~~~~~~~~~~~~~~
conftest.c:61:10: note: each undeclared identifier is reported only once for each function it appears in
configure:4466: $? = 1
configure: failed program was:
| /* confdefs.h */
| #define PACKAGE_NAME "xtrans"
| #define PACKAGE_TARNAME "xtrans"
| #define PACKAGE_VERSION "1.4.0"
| #define PACKAGE_STRING "xtrans 1.4.0"
| #define PACKAGE_BUGREPORT "https://gitlab.freedesktop.org/xorg/lib/libxtrans/issues"
| #define PACKAGE_URL ""
| #define PACKAGE "xtrans"
| #define VERSION "1.4.0"
| #define STDC_HEADERS 1
| #define HAVE_SYS_TYPES_H 1
| #define HAVE_SYS_STAT_H 1
| #define HAVE_STDLIB_H 1
| #define HAVE_STRING_H 1
| #define HAVE_MEMORY_H 1
| #define HAVE_STRINGS_H 1
| #define HAVE_INTTYPES_H 1
| #define HAVE_STDINT_H 1
| #define HAVE_UNISTD_H 1
| /* end confdefs.h.  */
| #include <stdio.h>
| #ifdef HAVE_SYS_TYPES_H
| # include <sys/types.h>
| #endif
| #ifdef HAVE_SYS_STAT_H
| # include <sys/stat.h>
| #endif
| #ifdef STDC_HEADERS
| # include <stdlib.h>
| # include <stddef.h>
| #else
| # ifdef HAVE_STDLIB_H
| #  include <stdlib.h>
| # endif
| #endif
| #ifdef HAVE_STRING_H
| # if !defined STDC_HEADERS && defined HAVE_MEMORY_H
| #  include <memory.h>
| # endif
| # include <string.h>
| #endif
| #ifdef HAVE_STRINGS_H
| # include <strings.h>
| #endif
| #ifdef HAVE_INTTYPES_H
| # include <inttypes.h>
| #endif
| #ifdef HAVE_STDINT_H
| # include <stdint.h>
| #endif
| #ifdef HAVE_UNISTD_H
| # include <unistd.h>
| #endif
| int
| main ()
| {
| #ifndef __INTEL_COMPILER
| #ifdef __cplusplus
|   (void) __INTEL_COMPILER;
| #else
|   (void) __INTEL_COMPILER;
| #endif
| #endif
| 
|   ;
|   return 0;
| }
configure:4466: result: no
configure:4473: checking whether __SUNPRO_C is declared
configure:4473: gcc -c -g -O2  conftest.c >&5
conftest.c: In function 'main':
conftest.c:61:10: error: '__SUNPRO_C' undeclared (first use in this function)
   61 |   (void) __SUNPRO_C;
      |          ^~~~~~~~~~
conftest.c:61:10: note: each undeclared identifier is reported only once for each function it appears in
configure:4473: $? = 1
configure: failed program was:
| /* confdefs.h */
| #define PACKAGE_NAME "xtrans"
| #define PACKAGE_TARNAME "xtrans"
| #define PACKAGE_VERSION "1.4.0"
| #define PACKAGE_STRING "xtrans 1.4.0"
| #define PACKAGE_BUGREPORT "https://gitlab.freedesktop.org/xorg/lib/libxtrans/issues"
| #define PACKAGE_URL ""
| #define PACKAGE "xtrans"
| #define VERSION "1.4.0"
| #define STDC_HEADERS 1
| #define HAVE_SYS_TYPES_H 1
| #define HAVE_SYS_STAT_H 1
| #define HAVE_STDLIB_H 1
| #define HAVE_STRING_H 1
| #define HAVE_MEMORY_H 1
| #define HAVE_STRINGS_H 1
| #define HAVE_INTTYPES_H 1
| #define HAVE_STDINT_H 1
| #define HAVE_UNISTD_H 1
| /* end confdefs.h.  */
| #include <stdio.h>
| #ifdef HAVE_SYS_TYPES_H
| # include <sys/types.h>
| #endif
| #ifdef HAVE_SYS_STAT_H
| # include <sys/stat.h>
| #endif
| #ifdef STDC_HEADERS
| # include <stdlib.h>
| # include <stddef.h>
| #else
| # ifdef HAVE_STDLIB_H
| #  include <stdlib.h>
| # endif
| #endif
| #ifdef HAVE_STRING_H
| # if !defined STDC_HEADERS && defined HAVE_MEMORY_H
| #  include <memory.h>
| # endif
| # include <string.h>
| #endif
| #ifdef HAVE_STRINGS_H
| # include <strings.h>
| #endif
| #ifdef HAVE_INTTYPES_H
| # include <inttypes.h>
| #endif
| #ifdef HAVE_STDINT_H
| # include <stdint.h>
| #endif
| #ifdef HAVE_UNISTD_H
| # include <unistd.h>
| #endif
| int
| main ()
| {
| #ifndef __SUNPRO_C
| #ifdef __cplusplus
|   (void) __SUNPRO_C;
| #else
|   (void) __SUNPRO_C;
| #endif
| #endif
| 
|   ;
|   return 0;
| }
configure:4473: result: no
configure:4535: checking for pkg-config
configure:4553: found /usr/bin/pkg-config
configure:4565: result: /usr/bin/pkg-config
configure:4590: checking pkg-config is at least version 0.9.0
configure:4593: result: yes
configure:4605: checking build system type
configure:4619: result: x86_64-pc-linux-gnu
configure:4639: checking host system type
configure:4652: result: x86_64-pc-linux-gnu
configure:4672: checking for a sed that does not truncate output
configure:4736: result: /usr/bin/sed
configure:4782: checking if gcc supports -Werror=unknown-warning-option
configure:4791: gcc -c -g -O2 -Werror=unknown-warning-option  conftest.c >&5
cc1: error: '-Werror=unknown-warning-option': no option -Wunknown-warning-option
configure:4791: $? = 1
configure: failed program was:
| /* confdefs.h */
| #define PACKAGE_NAME "xtrans"
| #define PACKAGE_TARNAME "xtrans"
| #define PACKAGE_VERSION "1.4.0"
| #define PACKAGE_STRING "xtrans 1.4.0"
| #define PACKAGE_BUGREPORT "https://gitlab.freedesktop.org/xorg/lib/libxtrans/issues"
| #define PACKAGE_URL ""
| #define PACKAGE "xtrans"
| #define VERSION "1.4.0"
| #define STDC_HEADERS 1
| #define HAVE_SYS_TYPES_H 1
| #define HAVE_SYS_STAT_H 1
| #define HAVE_STDLIB_H 1
| #define HAVE_STRING_H 1
| #define HAVE_MEMORY_H 1
| #define HAVE_STRINGS_H 1
| #define HAVE_INTTYPES_H 1
| #define HAVE_STDINT_H 1
| #define HAVE_UNISTD_H 1
| /* end confdefs.h.  */
| int i;
configure:4798: result: no
configure:4809: checking if gcc supports -Werror=unused-command-line-argument
configure:4818: gcc -c -g -O2 -Werror=unused-command-line-argument  conftest.c >&5
cc1: error: '-Werror=unused-command-line-argument': no option -Wunused-command-line-argument
configure:4818: $? = 1
configure: failed program was:
| /* confdefs.h */
| #define PACKAGE_NAME "xtrans"
| #define PACKAGE_TARNAME "xtrans"
| #define PACKAGE_VERSION "1.4.0"
| #define PACKAGE_STRING "xtrans 1.4.0"
| #define PACKAGE_BUGREPORT "https://gitlab.freedesktop.org/xorg/lib/libxtrans/issues"
| #define PACKAGE_URL ""
| #define PACKAGE "xtrans"
| #define VERSION "1.4.0"
| #define STDC_HEADERS 1
| #define HAVE_SYS_TYPES_H 1
| #define HAVE_SYS_STAT_H 1
| #define HAVE_STDLIB_H 1
| #define HAVE_STRING_H 1
| #define HAVE_MEMORY_H 1
| #define HAVE_STRINGS_H 1
| #define HAVE_INTTYPES_H 1
| #define HAVE_STDINT_H 1
| #define HAVE_UNISTD_H 1
| /* end confdefs.h.  */
| int i;
configure:4825: result: no
configure:4844: checking if gcc supports -Wall
configure:4861: gcc -o conftest -g -O2 -Wall   conftest.c  >&5
configure:4861: $? = 0
configure:4874: result: yes
configure:4962: checking if gcc supports -Wpointer-arith
configure:4979: gcc -o conftest -g -O2 -Wpointer-arith   conftest.c  >&5
configure:4979: $? = 0
configure:4992: result: yes
configure:5080: checking if gcc supports -Wmissing-declarations
configure:5097: gcc -o conftest -g -O2 -Wmissing-declarations   conftest.c  >&5
configure:5097: $? = 0
configure:5110: result: yes
configure:5198: checking if gcc supports -Wformat=2
configure:5215: gcc -o conftest -g -O2 -Wformat=2   conftest.c  >&5
configure:5215: $? = 0
configure:5228: result: yes
configure:5367: checking if gcc supports -Wstrict-prototypes
configure:5384: gcc -o conftest -g -O2 -Wstrict-prototypes   conftest.c  >&5
conftest.c:23:1: warning: function declaration isn't a prototype [-Wstrict-prototypes]
   23 | main ()
      | ^~~~
configure:5384: $? = 0
configure:5397: result: yes
configure:5485: checking if gcc supports -Wmissing-prototypes
configure:5502: gcc -o conftest -g -O2 -Wmissing-prototypes   conftest.c  >&5
configure:5502: $? = 0
configure:5515: result: yes
configure:5603: checking if gcc supports -Wnested-externs
configure:5620: gcc -o conftest -g -O2 -Wnested-externs   conftest.c  >&5
configure:5620: $? = 0
configure:5633: result: yes
configure:5721: checking if gcc supports -Wbad-function-cast
configure:5738: gcc -o conftest -g -O2 -Wbad-function-cast   conftest.c  >&5
configure:5738: $? = 0
configure:5751: result: yes
configure:5839: checking if gcc supports -Wold-style-definition
configure:5856: gcc -o conftest -g -O2 -Wold-style-definition   conftest.c  >&5
conftest.c: In function 'main':
conftest.c:23:1: warning: old-style function definition [-Wold-style-definition]
   23 | main ()
      | ^~~~
configure:5856: $? = 0
configure:5869: result: yes
configure:6006: checking if gcc supports -Wdeclaration-after-statement
configure:6023: gcc -o conftest -g -O2 -Wdeclaration-after-statement   conftest.c  >&5
configure:6023: $? = 0
configure:6036: result: yes
configure:6128: checking if gcc supports -Wunused
configure:6145: gcc -o conftest -g -O2 -Wunused   conftest.c  >&5
configure:6145: $? = 0
configure:6158: result: yes
configure:6246: checking if gcc supports -Wuninitialized
configure:6263: gcc -o conftest -g -O2 -Wuninitialized   conftest.c  >&5
configure:6263: $? = 0
configure:6276: result: yes
configure:6364: checking if gcc supports -Wshadow
configure:6381: gcc -o conftest -g -O2 -Wshadow   conftest.c  >&5
configure:6381: $? = 0
configure:6394: result: yes
configure:6482: checking if gcc supports -Wmissing-noreturn
configure:6499: gcc -o conftest -g -O2 -Wmissing-noreturn   conftest.c  >&5
configure:6499: $? = 0
configure:6512: result: yes
configure:6600: checking if gcc supports -Wmissing-format-attribute
configure:6617: gcc -o conftest -g -O2 -Wmissing-format-attribute   conftest.c  >&5
configure:6617: $? = 0
configure:6630: result: yes
configure:6718: checking if gcc supports -Wredundant-decls
configure:6735: gcc -o conftest -g -O2 -Wredundant-decls   conftest.c  >&5
configure:6735: $? = 0
configure:6748: result: yes
configure:6836: checking if gcc supports -Wlogical-op
configure:6853: gcc -o conftest -g -O2 -Wlogical-op   conftest.c  >&5
configure:6853: $? = 0
configure:6866: result: yes
configure:6966: checking if gcc supports -Werror=implicit
configure:6983: gcc -o conftest -g -O2 -Werror=implicit   conftest.c  >&5
configure:6983: $? = 0
configure:6996: result: yes
configure:7133: checking if gcc supports -Werror=nonnull
configure:7150: gcc -o conftest -g -O2 -Werror=nonnull   conftest.c  >&5
configure:7150: $? = 0
configure:7163: result: yes
configure:7251: checking if gcc supports -Werror=init-self
configure:7268: gcc -o conftest -g -O2 -Werror=init-self   conftest.c  >&5
configure:7268: $? = 0
configure:7281: result: yes
configure:7369: checking if gcc supports -Werror=main
configure:7386: gcc -o conftest -g -O2 -Werror=main   conftest.c  >&5
configure:7386: $? = 0
configure:7399: result: yes
configure:7487: checking if gcc supports -Werror=missing-braces
configure:7504: gcc -o conftest -g -O2 -Werror=missing-braces   conftest.c  >&5
configure:7504: $? = 0
configure:7517: result: yes
configure:7605: checking if gcc supports -Werror=sequence-point
configure:7622: gcc -o conftest -g -O2 -Werror=sequence-point   conftest.c  >&5
configure:7622: $? = 0
configure:7635: result: yes
configure:7723: checking if gcc supports -Werror=return-type
configure:7740: gcc -o conftest -g -O2 -Werror=return-type   conftest.c  >&5
configure:7740: $? = 0
configure:7753: result: yes
configure:7890: checking if gcc supports -Werror=trigraphs
configure:7907: gcc -o conftest -g -O2 -Werror=trigraphs   conftest.c  >&5
configure:7907: $? = 0
configure:7920: result: yes
configure:8008: checking if gcc supports -Werror=array-bounds
configure:8025: gcc -o conftest -g -O2 -Werror=array-bounds   conftest.c  >&5
configure:8025: $? = 0
configure:8038: result: yes
configure:8126: checking if gcc supports -Werror=write-strings
configure:8143: gcc -o conftest -g -O2 -Werror=write-strings   conftest.c  >&5
configure:8143: $? = 0
configure:8156: result: yes
configure:8244: checking if gcc supports -Werror=address
configure:8261: gcc -o conftest -g -O2 -Werror=address   conftest.c  >&5
configure:8261: $? = 0
configure:8274: result: yes
configure:8362: checking if gcc supports -Werror=int-to-pointer-cast
configure:8379: gcc -o conftest -g -O2 -Werror=int-to-pointer-cast   conftest.c  >&5
configure:8379: $? = 0
configure:8392: result: yes
configure:8529: checking if gcc supports -Werror=pointer-to-int-cast
configure:8546: gcc -o conftest -g -O2 -Werror=pointer-to-int-cast   conftest.c  >&5
configure:8546: $? = 0
configure:8559: result: yes
configure:10217: checking if gcc supports -pedantic
configure:10234: gcc -o conftest -g -O2 -pedantic   conftest.c  >&5
configure:10234: $? = 0
configure:10247: result: yes
configure:10335: checking if gcc supports -Werror
configure:10352: gcc -o conftest -g -O2 -Werror   conftest.c  >&5
configure:10352: $? = 0
configure:10365: result: yes
configure:10505: checking if gcc supports -Werror=attributes
configure:10522: gcc -o conftest -g -O2 -Werror=attributes   conftest.c  >&5
configure:10522: $? = 0
configure:10535: result: yes
configure:10699: checking whether make supports nested variables
configure:10716: result: yes
configure:10746: checking whether to build documentation
configure:10748: result: yes
configure:10767: checking for xmlto
configure:10800: result: no
configure:10806: WARNING: xmlto not found - documentation targets will be skipped
configure:10955: checking for fop
configure:10988: result: no
configure:10994: WARNING: fop not found - documentation targets will be skipped
configure:11084: checking for xsltproc
configure:11117: result: no
configure:11123: WARNING: xsltproc not found - cannot transform XML documents
configure:11194: checking for X.Org SGML entities >= 1.8
configure:11198: $PKG_CONFIG --exists --print-errors "xorg-sgml-doctools >= 1.8"
configure:11201: $? = 0
configure:11212: result: /usr/share/sgml
configure:11239: checking for fchown
configure:11239: gcc -o conftest -g -O2   conftest.c  >&5
configure:11239: $? = 0
configure:11239: result: yes
configure:11397: checking that generated files are newer than configure
configure:11403: result: done
configure:11450: creating ./config.status

## ---------------------- ##
## Running config.status. ##
## ---------------------- ##

This file was extended by xtrans config.status 1.4.0, which was
generated by GNU Autoconf 2.69.  Invocation command line was

  CONFIG_FILES    = 
  CONFIG_HEADERS  = 
  CONFIG_LINKS    = 
  CONFIG_COMMANDS = 
  $ ./config.status 

on DESKTOP-8MBSEF0

config.status:837: creating Makefile
config.status:837: creating doc/Makefile
config.status:837: creating xtrans.pc
config.status:1009: executing depfiles commands

## ---------------- ##
## Cache variables. ##
## ---------------- ##

ac_cv_build=x86_64-pc-linux-gnu
ac_cv_c_compiler_gnu=yes
ac_cv_env_CC_set=
ac_cv_env_CC_value=
ac_cv_env_CFLAGS_set=
ac_cv_env_CFLAGS_value=
ac_cv_env_CPPFLAGS_set=
ac_cv_env_CPPFLAGS_value=
ac_cv_env_CPP_set=
ac_cv_env_CPP_value=
ac_cv_env_FOP_set=
ac_cv_env_FOP_value=
ac_cv_env_LDFLAGS_set=
ac_cv_env_LDFLAGS_value=
ac_cv_env_LIBS_set=
ac_cv_env_LIBS_value=
ac_cv_env_PKG_CONFIG_LIBDIR_set=
ac_cv_env_PKG_CONFIG_LIBDIR_value=
ac_cv_env_PKG_CONFIG_PATH_set=
ac_cv_env_PKG_CONFIG_PATH_value=
ac_cv_env_PKG_CONFIG_set=
ac_cv_env_PKG_CONFIG_value=
ac_cv_env_XMLTO_set=
ac_cv_env_XMLTO_value=
ac_cv_env_XSLTPROC_set=
ac_cv_env_XSLTPROC_value=
ac_cv_env_build_alias_set=
ac_cv_env_build_alias_value=
ac_cv_env_host_alias_set=
ac_cv_env_host_alias_value=
ac_cv_env_target_alias_set=
ac_cv_env_target_alias_value=
ac_cv_func_fchown=yes
ac_cv_have_decl___INTEL_COMPILER=no
ac_cv_have_decl___SUNPRO_C=no
ac_cv_have_decl___clang__=no
ac_cv_header_inttypes_h=yes
ac_cv_header_memory_h=yes
ac_cv_header_stdc=yes
ac_cv_header_stdint_h=yes
ac_cv_header_stdlib_h=yes
ac_cv_header_string_h=yes
ac_cv_header_strings_h=yes
ac_cv_header_sys_stat_h=yes
ac_cv_header_sys_types_h=yes
ac_cv_header_unistd_h=yes
ac_cv_host=x86_64-pc-linux-gnu
ac_cv_objext=o
ac_cv_path_EGREP='/usr/bin/grep -E'
ac_cv_path_GREP=/usr/bin/grep
ac_cv_path_SED=/usr/bin/sed
ac_cv_path_ac_pt_PKG_CONFIG=/usr/bin/pkg-config
ac_cv_path_install='/usr/bin/install -c'
ac_cv_path_mkdir=/usr/bin/mkdir
ac_cv_prog_AWK=gawk
ac_cv_prog_CPP='gcc -E'
ac_cv_prog_ac_ct_CC=gcc
ac_cv_prog_cc_c89=
ac_cv_prog_cc_c99=
ac_cv_prog_cc_g=yes
ac_cv_prog_make_make_set=yes
am_cv_CC_dependencies_compiler_type=none
am_cv_make_support_nested_variables=yes
am_cv_prog_cc_c_o=yes
xorg_cv_cc_flag__Wall=yes
xorg_cv_cc_flag__Wbad_function_cast=yes
xorg_cv_cc_flag__Wdeclaration_after_statement=yes
xorg_cv_cc_flag__Werror=yes
xorg_cv_cc_flag__Werror_address=yes
xorg_cv_cc_flag__Werror_array_bounds=yes
xorg_cv_cc_flag__Werror_attributes=yes
xorg_cv_cc_flag__Werror_implicit=yes
xorg_cv_cc_flag__Werror_init_self=yes
xorg_cv_cc_flag__Werror_int_to_pointer_cast=yes
xorg_cv_cc_flag__Werror_main=yes
xorg_cv_cc_flag__Werror_missing_braces=yes
xorg_cv_cc_flag__Werror_nonnull=yes
xorg_cv_cc_flag__Werror_pointer_to_int_cast=yes
xorg_cv_cc_flag__Werror_return_type=yes
xorg_cv_cc_flag__Werror_sequence_point=yes
xorg_cv_cc_flag__Werror_trigraphs=yes
xorg_cv_cc_flag__Werror_write_strings=yes
xorg_cv_cc_flag__Wformat_2=yes
xorg_cv_cc_flag__Wlogical_op=yes
xorg_cv_cc_flag__Wmissing_declarations=yes
xorg_cv_cc_flag__Wmissing_format_attribute=yes
xorg_cv_cc_flag__Wmissing_noreturn=yes
xorg_cv_cc_flag__Wmissing_prototypes=yes
xorg_cv_cc_flag__Wnested_externs=yes
xorg_cv_cc_flag__Wold_style_definition=yes
xorg_cv_cc_flag__Wpointer_arith=yes
xorg_cv_cc_flag__Wredundant_decls=yes
xorg_cv_cc_flag__Wshadow=yes
xorg_cv_cc_flag__Wstrict_prototypes=yes
xorg_cv_cc_flag__Wuninitialized=yes
xorg_cv_cc_flag__Wunused=yes
xorg_cv_cc_flag__pedantic=yes
xorg_cv_cc_flag_unknown_warning_option=no
xorg_cv_cc_flag_unused_command_line_argument=no

## ----------------- ##
## Output variables. ##
## ----------------- ##

ACLOCAL='${SHELL} /home/adduser/xtrans-1.4.0/missing aclocal-1.15'
ADMIN_MAN_DIR='$(mandir)/man$(ADMIN_MAN_SUFFIX)'
ADMIN_MAN_SUFFIX='8'
AMDEPBACKSLASH='\'
AMDEP_FALSE='#'
AMDEP_TRUE=''
AMTAR='$${TAR-tar}'
AM_BACKSLASH='\'
AM_DEFAULT_V='$(AM_DEFAULT_VERBOSITY)'
AM_DEFAULT_VERBOSITY='0'
AM_V='$(V)'
APP_MAN_DIR='$(mandir)/man$(APP_MAN_SUFFIX)'
APP_MAN_SUFFIX='1'
AUTOCONF='${SHELL} /home/adduser/xtrans-1.4.0/missing autoconf'
AUTOHEADER='${SHELL} /home/adduser/xtrans-1.4.0/missing autoheader'
AUTOMAKE='${SHELL} /home/adduser/xtrans-1.4.0/missing automake-1.15'
AWK='gawk'
BASE_CFLAGS=' -Wall -Wpointer-arith -Wmissing-declarations -Wformat=2 -Wstrict-prototypes -Wmissing-prototypes -Wnested-externs -Wbad-function-cast -Wold-style-definition -Wdeclaration-after-statement -Wunused -Wuninitialized -Wshadow -Wmissing-noreturn -Wmissing-format-attribute -Wredundant-decls -Wlogical-op -Werror=implicit -Werror=nonnull -Werror=init-self -Werror=main -Werror=missing-braces -Werror=sequence-point -Werror=return-type -Werror=trigraphs -Werror=array-bounds -Werror=write-strings -Werror=address -Werror=int-to-pointer-cast -Werror=pointer-to-int-cast'
CC='gcc'
CCDEPMODE='depmode=none'
CFLAGS='-g -O2'
CHANGELOG_CMD='(GIT_DIR=$(top_srcdir)/.git git log > $(top_srcdir)/.changelog.tmp && mv $(top_srcdir)/.changelog.tmp $(top_srcdir)/ChangeLog) || (rm -f $(top_srcdir)/.changelog.tmp; touch $(top_srcdir)/ChangeLog; echo '\''git directory not found: installing possibly empty changelog.'\'' >&2)'
CPP='gcc -E'
CPPFLAGS=''
CWARNFLAGS=' -Wall -Wpointer-arith -Wmissing-declarations -Wformat=2 -Wstrict-prototypes -Wmissing-prototypes -Wnested-externs -Wbad-function-cast -Wold-style-definition -Wdeclaration-after-statement -Wunused -Wuninitialized -Wshadow -Wmissing-noreturn -Wmissing-format-attribute -Wredundant-decls -Wlogical-op -Werror=implicit -Werror=nonnull -Werror=init-self -Werror=main -Werror=missing-braces -Werror=sequence-point -Werror=return-type -Werror=trigraphs -Werror=array-bounds -Werror=write-strings -Werror=address -Werror=int-to-pointer-cast -Werror=pointer-to-int-cast -fno-strict-aliasing'
CYGPATH_W='echo'
DEFS='-DPACKAGE_NAME=\"xtrans\" -DPACKAGE_TARNAME=\"xtrans\" -DPACKAGE_VERSION=\"1.4.0\" -DPACKAGE_STRING=\"xtrans\ 1.4.0\" -DPACKAGE_BUGREPORT=\"https://gitlab.freedesktop.org/xorg/lib/libxtrans/issues\" -DPACKAGE_URL=\"\" -DPACKAGE=\"xtrans\" -DVERSION=\"1.4.0\" -DSTDC_HEADERS=1 -DHAVE_SYS_TYPES_H=1 -DHAVE_SYS_STAT_H=1 -DHAVE_STDLIB_H=1 -DHAVE_STRING_H=1 -DHAVE_MEMORY_H=1 -DHAVE_STRINGS_H=1 -DHAVE_INTTYPES_H=1 -DHAVE_STDINT_H=1 -DHAVE_UNISTD_H=1 -DPACKAGE_VERSION_MAJOR=1 -DPACKAGE_VERSION_MINOR=4 -DPACKAGE_VERSION_PATCHLEVEL=0'
DEPDIR='.deps'
DRIVER_MAN_DIR='$(mandir)/man$(DRIVER_MAN_SUFFIX)'
DRIVER_MAN_SUFFIX='4'
ECHO_C=''
ECHO_N='-n'
ECHO_T=''
EGREP='/usr/bin/grep -E'
ENABLE_DOCS_FALSE='#'
ENABLE_DOCS_TRUE=''
EXEEXT=''
FILE_MAN_DIR='$(mandir)/man$(FILE_MAN_SUFFIX)'
FILE_MAN_SUFFIX='5'
FOP=''
GREP='/usr/bin/grep'
HAVE_FOP_FALSE=''
HAVE_FOP_TRUE='#'
HAVE_STYLESHEETS_FALSE='#'
HAVE_STYLESHEETS_TRUE=''
HAVE_XMLTO_FALSE=''
HAVE_XMLTO_TEXT_FALSE=''
HAVE_XMLTO_TEXT_TRUE='#'
HAVE_XMLTO_TRUE='#'
HAVE_XSLTPROC_FALSE=''
HAVE_XSLTPROC_TRUE='#'
INSTALL_CMD='(cp -f /INSTALL $(top_srcdir)/.INSTALL.tmp && mv $(top_srcdir)/.INSTALL.tmp $(top_srcdir)/INSTALL) || (rm -f $(top_srcdir)/.INSTALL.tmp; touch $(top_srcdir)/INSTALL; echo '\''util-macros "pkgdatadir" from xorg-macros.pc not found: installing possibly empty INSTALL.'\'' >&2)'
INSTALL_DATA='${INSTALL} -m 644'
INSTALL_PROGRAM='${INSTALL}'
INSTALL_SCRIPT='${INSTALL}'
INSTALL_STRIP_PROGRAM='$(install_sh) -c -s'
LDFLAGS=''
LIBOBJS=''
LIBS=''
LIB_MAN_DIR='$(mandir)/man$(LIB_MAN_SUFFIX)'
LIB_MAN_SUFFIX='3'
LTLIBOBJS=''
MAKEINFO='${SHELL} /home/adduser/xtrans-1.4.0/missing makeinfo'
MAN_SUBSTS='	-e '\''s|__vendorversion__|"$(PACKAGE_STRING)" "$(XORG_MAN_PAGE)"|'\'' 	-e '\''s|__xorgversion__|"$(PACKAGE_STRING)" "$(XORG_MAN_PAGE)"|'\'' 	-e '\''s|__xservername__|Xorg|g'\'' 	-e '\''s|__xconfigfile__|xorg.conf|g'\'' 	-e '\''s|__projectroot__|$(prefix)|g'\'' 	-e '\''s|__apploaddir__|$(appdefaultdir)|g'\'' 	-e '\''s|__appmansuffix__|$(APP_MAN_SUFFIX)|g'\'' 	-e '\''s|__drivermansuffix__|$(DRIVER_MAN_SUFFIX)|g'\'' 	-e '\''s|__adminmansuffix__|$(ADMIN_MAN_SUFFIX)|g'\'' 	-e '\''s|__libmansuffix__|$(LIB_MAN_SUFFIX)|g'\'' 	-e '\''s|__miscmansuffix__|$(MISC_MAN_SUFFIX)|g'\'' 	-e '\''s|__filemansuffix__|$(FILE_MAN_SUFFIX)|g'\'''
MISC_MAN_DIR='$(mandir)/man$(MISC_MAN_SUFFIX)'
MISC_MAN_SUFFIX='7'
MKDIR_P='/usr/bin/mkdir -p'
OBJEXT='o'
PACKAGE='xtrans'
PACKAGE_BUGREPORT='https://gitlab.freedesktop.org/xorg/lib/libxtrans/issues'
PACKAGE_NAME='xtrans'
PACKAGE_STRING='xtrans 1.4.0'
PACKAGE_TARNAME='xtrans'
PACKAGE_URL=''
PACKAGE_VERSION='1.4.0'
PATH_SEPARATOR=':'
PKG_CONFIG='/usr/bin/pkg-config'
PKG_CONFIG_LIBDIR=''
PKG_CONFIG_PATH=''
SED='/usr/bin/sed'
SET_MAKE=''
SHELL='/bin/bash'
STRICT_CFLAGS=' -pedantic -Werror -Werror=attributes'
STRIP=''
STYLESHEET_SRCDIR='/usr/share/sgml/X11'
VERSION='1.4.0'
XMLTO=''
XORG_MAN_PAGE='X Version 11'
XORG_SGML_PATH='/usr/share/sgml'
XSLTPROC=''
XSL_STYLESHEET='/usr/share/sgml/X11/xorg.xsl'
ac_ct_CC='gcc'
am__EXEEXT_FALSE=''
am__EXEEXT_TRUE='#'
am__fastdepCC_FALSE=''
am__fastdepCC_TRUE='#'
am__include='include'
am__isrc=''
am__leading_dot='.'
am__nodep='_no'
am__quote=''
am__tar='$${TAR-tar} chof - "$$tardir"'
am__untar='$${TAR-tar} xf -'
bindir='${exec_prefix}/bin'
build='x86_64-pc-linux-gnu'
build_alias=''
build_cpu='x86_64'
build_os='linux-gnu'
build_vendor='pc'
datadir='${datarootdir}'
datarootdir='${prefix}/share'
docdir='${datarootdir}/doc/${PACKAGE_TARNAME}'
dvidir='${docdir}'
exec_prefix='${prefix}'
fchown_define='-DHAS_FCHOWN'
host='x86_64-pc-linux-gnu'
host_alias=''
host_cpu='x86_64'
host_os='linux-gnu'
host_vendor='pc'
htmldir='${docdir}'
includedir='${prefix}/include'
infodir='${datarootdir}/info'
install_sh='${SHELL} /home/adduser/xtrans-1.4.0/install-sh'
libdir='${exec_prefix}/lib'
libexecdir='${exec_prefix}/libexec'
localedir='${datarootdir}/locale'
localstatedir='${prefix}/var'
mandir='${datarootdir}/man'
mkdir_p='$(MKDIR_P)'
oldincludedir='/usr/include'
pdfdir='${docdir}'
prefix='/usr/local/xtrans/1_4_0'
program_transform_name='s,x,x,'
psdir='${docdir}'
sbindir='${exec_prefix}/sbin'
sharedstatedir='${prefix}/com'
sticky_bit_define='-DHAS_STICKY_DIR_BIT'
sysconfdir='${prefix}/etc'
target_alias=''

## ----------- ##
## confdefs.h. ##
## ----------- ##

/* confdefs.h */
#define PACKAGE_NAME "xtrans"
#define PACKAGE_TARNAME "xtrans"
#define PACKAGE_VERSION "1.4.0"
#define PACKAGE_STRING "xtrans 1.4.0"
#define PACKAGE_BUGREPORT "https://gitlab.freedesktop.org/xorg/lib/libxtrans/issues"
#define PACKAGE_URL ""
#define PACKAGE "xtrans"
#define VERSION "1.4.0"
#define STDC_HEADERS 1
#define HAVE_SYS_TYPES_H 1
#define HAVE_SYS_STAT_H 1
#define HAVE_STDLIB_H 1
#define HAVE_STRING_H 1
#define HAVE_MEMORY_H 1
#define HAVE_STRINGS_H 1
#define HAVE_INTTYPES_H 1
#define HAVE_STDINT_H 1
#define HAVE_UNISTD_H 1
#define PACKAGE_VERSION_MAJOR 1
#define PACKAGE_VERSION_MINOR 4
#define PACKAGE_VERSION_PATCHLEVEL 0

configure: exit 0
