This file contains any messages produced by compilers while
running configure, to aid debugging if configure makes a mistake.

It was created by libXfont2 configure 2.0.4, which was
generated by GNU Autoconf 2.69.  Invocation command line was

  $ ./configure --disable-selective-werror

## --------- ##
## Platform. ##
## --------- ##

hostname = DESKTOP-8MBSEF0
uname -m = x86_64
uname -r = 5.10.16.3-microsoft-standard-WSL2
uname -s = Linux
uname -v = #1 SMP Fri Apr 2 22:23:49 UTC 2021

/usr/bin/uname -p = x86_64
/bin/uname -X     = unknown

/bin/arch              = x86_64
/usr/bin/arch -k       = unknown
/usr/convex/getsysinfo = unknown
/usr/bin/hostinfo      = unknown
/bin/machine           = unknown
/usr/bin/oslevel       = unknown
/bin/universe          = unknown

PATH: /usr/local/sbin
PATH: /usr/local/bin
PATH: /usr/sbin
PATH: /usr/bin
PATH: /sbin
PATH: /bin
PATH: /usr/games
PATH: /usr/local/games
PATH: /usr/lib/wsl/lib
PATH: /mnt/c/Program Files/WindowsApps/CanonicalGroupLimited.Ubuntu_2004.4.4.0_x64__79rhkp1fndgsc
PATH: /mnt/c/Program Files/Eclipse Foundation/jdk-8.0.302.8-hotspot/bin
PATH: /mnt/c/Program Files/Common Files/Oracle/Java/javapath
PATH: /mnt/c/Program Files (x86)/Common Files/Oracle/Java/javapath
PATH: /mnt/c/Windows/system32
PATH: /mnt/c/Windows
PATH: /mnt/c/Windows/System32/Wbem
PATH: /mnt/c/Windows/System32/WindowsPowerShell/v1.0/
PATH: /mnt/c/Windows/System32/OpenSSH/
PATH: /mnt/c/Program Files (x86)/NVIDIA Corporation/PhysX/Common
PATH: /mnt/c/Program Files/NVIDIA Corporation/NVIDIA NvDLISR
PATH: /mnt/c/WINDOWS/system32
PATH: /mnt/c/WINDOWS
PATH: /mnt/c/WINDOWS/System32/Wbem
PATH: /mnt/c/WINDOWS/System32/WindowsPowerShell/v1.0/
PATH: /mnt/c/WINDOWS/System32/OpenSSH/
PATH: /mnt/c/ProgramData/chocolatey/bin
PATH: /mnt/c/Program Files/Microsoft SQL Server/130/Tools/Binn/
PATH: /mnt/c/Program Files/Git/cmd
PATH: /mnt/c/Strawberry/c/bin
PATH: /mnt/c/Strawberry/perl/site/bin
PATH: /mnt/c/Strawberry/perl/bin
PATH: /mnt/c/php81
PATH: /mnt/c/Program Files/PuTTY/
PATH: /mnt/c/Program Files/nodejs/
PATH: /mnt/c/Program Files/dotnet/
PATH: /mnt/c/Users/Nutzer/AppData/Local/Microsoft/WindowsApps
PATH: /mnt/c/Users/Nutzer/Downloads/apache-maven-3.6.3-bin/apache-maven-3.6.3/bin
PATH: /mnt/c/Users/Nutzer/AppData/Local/GitHubDesktop/bin
PATH: /mnt/c/Users/Nutzer/AppData/Local/Microsoft/WindowsApps
PATH: /mnt/c/Users/Nutzer/AppData/Roaming/cabal/bin
PATH: /mnt/c/tools/ghc-9.0.1/bin
PATH: /mnt/c/tools/msys64
PATH: /mnt/d/Benutzer/Microsoft VS Code/bin
PATH: /mnt/c/Users/Nutzer/AppData/Local/Programs/MiKTeX/miktex/bin/x64/
PATH: /mnt/c/Users/Nutzer/spicetify-cli
PATH: /mnt/c/Users/Nutzer/AppData/Roaming/npm
PATH: /mnt/c/Program Files/Multipass/bin
PATH: /mnt/c/Users/Nutzer/.dotnet/tools
PATH: /snap/bin


## ----------- ##
## Core tests. ##
## ----------- ##

configure:2624: checking for a BSD-compatible install
configure:2692: result: /usr/bin/install -c
configure:2703: checking whether build environment is sane
configure:2758: result: yes
configure:2907: checking for a thread-safe mkdir -p
configure:2946: result: /usr/bin/mkdir -p
configure:2953: checking for gawk
configure:2969: found /usr/bin/gawk
configure:2980: result: gawk
configure:2991: checking whether make sets $(MAKE)
configure:3013: result: yes
configure:3042: checking whether make supports nested variables
configure:3059: result: yes
configure:3193: checking whether make supports the include directive
configure:3208: make -f confmf.GNU && cat confinc.out
this is the am__doit target
configure:3211: $? = 0
configure:3230: result: yes (GNU style)
configure:3300: checking for gcc
configure:3316: found /usr/bin/gcc
configure:3327: result: gcc
configure:3556: checking for C compiler version
configure:3565: gcc --version >&5
gcc (Ubuntu 9.4.0-1ubuntu1~20.04.1) 9.4.0
Copyright (C) 2019 Free Software Foundation, Inc.
This is free software; see the source for copying conditions.  There is NO
warranty; not even for MERCHANTABILITY or FITNESS FOR A PARTICULAR PURPOSE.

configure:3576: $? = 0
configure:3565: gcc -v >&5
Using built-in specs.
COLLECT_GCC=gcc
COLLECT_LTO_WRAPPER=/usr/lib/gcc/x86_64-linux-gnu/9/lto-wrapper
OFFLOAD_TARGET_NAMES=nvptx-none:hsa
OFFLOAD_TARGET_DEFAULT=1
Target: x86_64-linux-gnu
Configured with: ../src/configure -v --with-pkgversion='Ubuntu 9.4.0-1ubuntu1~20.04.1' --with-bugurl=file:///usr/share/doc/gcc-9/README.Bugs --enable-languages=c,ada,c++,go,brig,d,fortran,objc,obj-c++,gm2 --prefix=/usr --with-gcc-major-version-only --program-suffix=-9 --program-prefix=x86_64-linux-gnu- --enable-shared --enable-linker-build-id --libexecdir=/usr/lib --without-included-gettext --enable-threads=posix --libdir=/usr/lib --enable-nls --enable-clocale=gnu --enable-libstdcxx-debug --enable-libstdcxx-time=yes --with-default-libstdcxx-abi=new --enable-gnu-unique-object --disable-vtable-verify --enable-plugin --enable-default-pie --with-system-zlib --with-target-system-zlib=auto --enable-objc-gc=auto --enable-multiarch --disable-werror --with-arch-32=i686 --with-abi=m64 --with-multilib-list=m32,m64,mx32 --enable-multilib --with-tune=generic --enable-offload-targets=nvptx-none=/build/gcc-9-Av3uEd/gcc-9-9.4.0/debian/tmp-nvptx/usr,hsa --without-cuda-driver --enable-checking=release --build=x86_64-linux-gnu --host=x86_64-linux-gnu --target=x86_64-linux-gnu
Thread model: posix
gcc version 9.4.0 (Ubuntu 9.4.0-1ubuntu1~20.04.1) 
configure:3576: $? = 0
configure:3565: gcc -V >&5
gcc: error: unrecognized command line option '-V'
gcc: fatal error: no input files
compilation terminated.
configure:3576: $? = 1
configure:3565: gcc -qversion >&5
gcc: error: unrecognized command line option '-qversion'; did you mean '--version'?
gcc: fatal error: no input files
compilation terminated.
configure:3576: $? = 1
configure:3596: checking whether the C compiler works
configure:3618: gcc    conftest.c  >&5
configure:3622: $? = 0
configure:3670: result: yes
configure:3673: checking for C compiler default output file name
configure:3675: result: a.out
configure:3681: checking for suffix of executables
configure:3688: gcc -o conftest    conftest.c  >&5
configure:3692: $? = 0
configure:3714: result: 
configure:3736: checking whether we are cross compiling
configure:3744: gcc -o conftest    conftest.c  >&5
configure:3748: $? = 0
configure:3755: ./conftest
configure:3759: $? = 0
configure:3747: result: no
configure:3752: checking for suffix of object files
configure:3774: gcc -c   conftest.c >&5
configure:3778: $? = 0
configure:3799: result: o
configure:3803: checking whether we are using the GNU C compiler
configure:3822: gcc -c   conftest.c >&5
configure:3822: $? = 0
configure:3831: result: yes
configure:3840: checking whether gcc accepts -g
configure:3860: gcc -c -g  conftest.c >&5
configure:3860: $? = 0
configure:3901: result: yes
configure:3918: checking for gcc option to accept ISO C89
configure:3981: gcc  -c -g -O2  conftest.c >&5
configure:3981: $? = 0
configure:3994: result: none needed
configure:4019: checking whether gcc understands -c and -o together
configure:4041: gcc -c conftest.c -o conftest2.o
configure:4044: $? = 0
configure:4041: gcc -c conftest.c -o conftest2.o
configure:4044: $? = 0
configure:4056: result: yes
configure:4075: checking dependency style of gcc
configure:4186: result: gcc3
configure:4207: checking how to run the C preprocessor
configure:4238: gcc -E  conftest.c
configure:4238: $? = 0
configure:4252: gcc -E  conftest.c
conftest.c:11:10: fatal error: ac_nonexistent.h: No such file or directory
   11 | #include <ac_nonexistent.h>
      |          ^~~~~~~~~~~~~~~~~~
compilation terminated.
configure:4252: $? = 1
configure: failed program was:
| /* confdefs.h */
| #define PACKAGE_NAME "libXfont2"
| #define PACKAGE_TARNAME "libXfont2"
| #define PACKAGE_VERSION "2.0.4"
| #define PACKAGE_STRING "libXfont2 2.0.4"
| #define PACKAGE_BUGREPORT "https://gitlab.freedesktop.org/xorg/lib/libXfont/issues"
| #define PACKAGE_URL ""
| #define PACKAGE "libXfont2"
| #define VERSION "2.0.4"
| /* end confdefs.h.  */
| #include <ac_nonexistent.h>
configure:4277: result: gcc -E
configure:4297: gcc -E  conftest.c
configure:4297: $? = 0
configure:4311: gcc -E  conftest.c
conftest.c:11:10: fatal error: ac_nonexistent.h: No such file or directory
   11 | #include <ac_nonexistent.h>
      |          ^~~~~~~~~~~~~~~~~~
compilation terminated.
configure:4311: $? = 1
configure: failed program was:
| /* confdefs.h */
| #define PACKAGE_NAME "libXfont2"
| #define PACKAGE_TARNAME "libXfont2"
| #define PACKAGE_VERSION "2.0.4"
| #define PACKAGE_STRING "libXfont2 2.0.4"
| #define PACKAGE_BUGREPORT "https://gitlab.freedesktop.org/xorg/lib/libXfont/issues"
| #define PACKAGE_URL ""
| #define PACKAGE "libXfont2"
| #define VERSION "2.0.4"
| /* end confdefs.h.  */
| #include <ac_nonexistent.h>
configure:4340: checking for grep that handles long lines and -e
configure:4398: result: /usr/bin/grep
configure:4403: checking for egrep
configure:4465: result: /usr/bin/grep -E
configure:4470: checking for ANSI C header files
configure:4490: gcc -c -g -O2  conftest.c >&5
configure:4490: $? = 0
configure:4563: gcc -o conftest -g -O2   conftest.c  >&5
configure:4563: $? = 0
configure:4563: ./conftest
configure:4563: $? = 0
configure:4574: result: yes
configure:4587: checking for sys/types.h
configure:4587: gcc -c -g -O2  conftest.c >&5
configure:4587: $? = 0
configure:4587: result: yes
configure:4587: checking for sys/stat.h
configure:4587: gcc -c -g -O2  conftest.c >&5
configure:4587: $? = 0
configure:4587: result: yes
configure:4587: checking for stdlib.h
configure:4587: gcc -c -g -O2  conftest.c >&5
configure:4587: $? = 0
configure:4587: result: yes
configure:4587: checking for string.h
configure:4587: gcc -c -g -O2  conftest.c >&5
configure:4587: $? = 0
configure:4587: result: yes
configure:4587: checking for memory.h
configure:4587: gcc -c -g -O2  conftest.c >&5
configure:4587: $? = 0
configure:4587: result: yes
configure:4587: checking for strings.h
configure:4587: gcc -c -g -O2  conftest.c >&5
configure:4587: $? = 0
configure:4587: result: yes
configure:4587: checking for inttypes.h
configure:4587: gcc -c -g -O2  conftest.c >&5
configure:4587: $? = 0
configure:4587: result: yes
configure:4587: checking for stdint.h
configure:4587: gcc -c -g -O2  conftest.c >&5
configure:4587: $? = 0
configure:4587: result: yes
configure:4587: checking for unistd.h
configure:4587: gcc -c -g -O2  conftest.c >&5
configure:4587: $? = 0
configure:4587: result: yes
configure:4600: checking minix/config.h usability
configure:4600: gcc -c -g -O2  conftest.c >&5
conftest.c:54:10: fatal error: minix/config.h: No such file or directory
   54 | #include <minix/config.h>
      |          ^~~~~~~~~~~~~~~~
compilation terminated.
configure:4600: $? = 1
configure: failed program was:
| /* confdefs.h */
| #define PACKAGE_NAME "libXfont2"
| #define PACKAGE_TARNAME "libXfont2"
| #define PACKAGE_VERSION "2.0.4"
| #define PACKAGE_STRING "libXfont2 2.0.4"
| #define PACKAGE_BUGREPORT "https://gitlab.freedesktop.org/xorg/lib/libXfont/issues"
| #define PACKAGE_URL ""
| #define PACKAGE "libXfont2"
| #define VERSION "2.0.4"
| #define STDC_HEADERS 1
| #define HAVE_SYS_TYPES_H 1
| #define HAVE_SYS_STAT_H 1
| #define HAVE_STDLIB_H 1
| #define HAVE_STRING_H 1
| #define HAVE_MEMORY_H 1
| #define HAVE_STRINGS_H 1
| #define HAVE_INTTYPES_H 1
| #define HAVE_STDINT_H 1
| #define HAVE_UNISTD_H 1
| /* end confdefs.h.  */
| #include <stdio.h>
| #ifdef HAVE_SYS_TYPES_H
| # include <sys/types.h>
| #endif
| #ifdef HAVE_SYS_STAT_H
| # include <sys/stat.h>
| #endif
| #ifdef STDC_HEADERS
| # include <stdlib.h>
| # include <stddef.h>
| #else
| # ifdef HAVE_STDLIB_H
| #  include <stdlib.h>
| # endif
| #endif
| #ifdef HAVE_STRING_H
| # if !defined STDC_HEADERS && defined HAVE_MEMORY_H
| #  include <memory.h>
| # endif
| # include <string.h>
| #endif
| #ifdef HAVE_STRINGS_H
| # include <strings.h>
| #endif
| #ifdef HAVE_INTTYPES_H
| # include <inttypes.h>
| #endif
| #ifdef HAVE_STDINT_H
| # include <stdint.h>
| #endif
| #ifdef HAVE_UNISTD_H
| # include <unistd.h>
| #endif
| #include <minix/config.h>
configure:4600: result: no
configure:4600: checking minix/config.h presence
configure:4600: gcc -E  conftest.c
conftest.c:21:10: fatal error: minix/config.h: No such file or directory
   21 | #include <minix/config.h>
      |          ^~~~~~~~~~~~~~~~
compilation terminated.
configure:4600: $? = 1
configure: failed program was:
| /* confdefs.h */
| #define PACKAGE_NAME "libXfont2"
| #define PACKAGE_TARNAME "libXfont2"
| #define PACKAGE_VERSION "2.0.4"
| #define PACKAGE_STRING "libXfont2 2.0.4"
| #define PACKAGE_BUGREPORT "https://gitlab.freedesktop.org/xorg/lib/libXfont/issues"
| #define PACKAGE_URL ""
| #define PACKAGE "libXfont2"
| #define VERSION "2.0.4"
| #define STDC_HEADERS 1
| #define HAVE_SYS_TYPES_H 1
| #define HAVE_SYS_STAT_H 1
| #define HAVE_STDLIB_H 1
| #define HAVE_STRING_H 1
| #define HAVE_MEMORY_H 1
| #define HAVE_STRINGS_H 1
| #define HAVE_INTTYPES_H 1
| #define HAVE_STDINT_H 1
| #define HAVE_UNISTD_H 1
| /* end confdefs.h.  */
| #include <minix/config.h>
configure:4600: result: no
configure:4600: checking for minix/config.h
configure:4600: result: no
configure:4621: checking whether it is safe to define __EXTENSIONS__
configure:4639: gcc -c -g -O2  conftest.c >&5
configure:4639: $? = 0
configure:4646: result: yes
configure:4691: checking build system type
configure:4705: result: x86_64-pc-linux-gnu
configure:4725: checking host system type
configure:4738: result: x86_64-pc-linux-gnu
configure:4779: checking how to print strings
configure:4806: result: printf
configure:4827: checking for a sed that does not truncate output
configure:4891: result: /usr/bin/sed
configure:4909: checking for fgrep
configure:4971: result: /usr/bin/grep -F
configure:5006: checking for ld used by gcc
configure:5073: result: /usr/bin/ld
configure:5080: checking if the linker (/usr/bin/ld) is GNU ld
configure:5095: result: yes
configure:5107: checking for BSD- or MS-compatible name lister (nm)
configure:5161: result: /usr/bin/nm -B
configure:5291: checking the name lister (/usr/bin/nm -B) interface
configure:5298: gcc -c -g -O2  conftest.c >&5
configure:5301: /usr/bin/nm -B "conftest.o"
configure:5304: output
0000000000000000 B some_variable
configure:5305: result: BSD nm
configure:5308: checking whether ln -s works
configure:5312: result: yes
configure:5320: checking the maximum length of command line arguments
configure:5451: result: 1572864
configure:5499: checking how to convert x86_64-pc-linux-gnu file names to x86_64-pc-linux-gnu format
configure:5539: result: func_convert_file_noop
configure:5546: checking how to convert x86_64-pc-linux-gnu file names to toolchain format
configure:5566: result: func_convert_file_noop
configure:5573: checking for /usr/bin/ld option to reload object files
configure:5580: result: -r
configure:5654: checking for objdump
configure:5670: found /usr/bin/objdump
configure:5681: result: objdump
configure:5713: checking how to recognize dependent libraries
configure:5913: result: pass_all
configure:5998: checking for dlltool
configure:6028: result: no
configure:6058: checking how to associate runtime and link libraries
configure:6085: result: printf %s\n
configure:6145: checking for ar
configure:6161: found /usr/bin/ar
configure:6172: result: ar
configure:6209: checking for archiver @FILE support
configure:6226: gcc -c -g -O2  conftest.c >&5
configure:6226: $? = 0
configure:6229: ar cr libconftest.a @conftest.lst >&5
configure:6232: $? = 0
configure:6237: ar cr libconftest.a @conftest.lst >&5
ar: conftest.o: No such file or directory
configure:6240: $? = 1
configure:6239: result: @
configure:6297: checking for strip
configure:6313: found /usr/bin/strip
configure:6324: result: strip
configure:6396: checking for ranlib
configure:6412: found /usr/bin/ranlib
configure:6423: result: ranlib
configure:6525: checking command to parse /usr/bin/nm -B output from gcc object
configure:6678: gcc -c -g -O2  conftest.c >&5
configure:6681: $? = 0
configure:6685: /usr/bin/nm -B conftest.o | sed -n -e 's/^.*[	 ]\([ABCDGIRSTW][ABCDGIRSTW]*\)[	 ][	 ]*\([_A-Za-z][_A-Za-z0-9]*\)$/\1 \2 \2/p' | sed '/ __gnu_lto/d' > conftest.nm
configure:6751: gcc -o conftest -g -O2   conftest.c conftstm.o >&5
configure:6754: $? = 0
configure:6792: result: ok
configure:6839: checking for sysroot
configure:6869: result: no
configure:6876: checking for a working dd
configure:6914: result: /usr/bin/dd
configure:6918: checking how to truncate binary pipes
configure:6933: result: /usr/bin/dd bs=4096 count=1
configure:7069: gcc -c -g -O2  conftest.c >&5
configure:7072: $? = 0
configure:7262: checking for mt
configure:7278: found /usr/bin/mt
configure:7289: result: mt
configure:7312: checking if mt is a manifest tool
configure:7318: mt '-?'
configure:7326: result: no
configure:8000: checking for dlfcn.h
configure:8000: gcc -c -g -O2  conftest.c >&5
configure:8000: $? = 0
configure:8000: result: yes
configure:8256: checking for objdir
configure:8271: result: .libs
configure:8531: checking if gcc supports -fno-rtti -fno-exceptions
configure:8549: gcc -c -g -O2  -fno-rtti -fno-exceptions conftest.c >&5
cc1: warning: command line option '-fno-rtti' is valid for C++/D/ObjC++ but not for C
configure:8553: $? = 0
configure:8566: result: no
configure:8930: checking for gcc option to produce PIC
configure:8937: result: -fPIC -DPIC
configure:8945: checking if gcc PIC flag -fPIC -DPIC works
configure:8963: gcc -c -g -O2  -fPIC -DPIC -DPIC conftest.c >&5
configure:8967: $? = 0
configure:8980: result: yes
configure:9009: checking if gcc static flag -static works
configure:9037: result: yes
configure:9052: checking if gcc supports -c -o file.o
configure:9073: gcc -c -g -O2  -o out/conftest2.o conftest.c >&5
configure:9077: $? = 0
configure:9099: result: yes
configure:9107: checking if gcc supports -c -o file.o
configure:9154: result: yes
configure:9187: checking whether the gcc linker (/usr/bin/ld -m elf_x86_64) supports shared libraries
configure:10450: result: yes
configure:10487: checking whether -lc should be explicitly linked in
configure:10495: gcc -c -g -O2  conftest.c >&5
configure:10498: $? = 0
configure:10513: gcc -shared  -fPIC -DPIC conftest.o  -v -Wl,-soname -Wl,conftest -o conftest 2\>\&1 \| /usr/bin/grep  -lc  \>/dev/null 2\>\&1
configure:10516: $? = 0
configure:10530: result: no
configure:10690: checking dynamic linker characteristics
configure:11271: gcc -o conftest -g -O2   -Wl,-rpath -Wl,/foo conftest.c  >&5
configure:11271: $? = 0
configure:11520: result: GNU/Linux ld.so
configure:11642: checking how to hardcode library paths into programs
configure:11667: result: immediate
configure:12215: checking whether stripping libraries is possible
configure:12220: result: yes
configure:12255: checking if libtool supports shared libraries
configure:12257: result: yes
configure:12260: checking whether to build shared libraries
configure:12285: result: yes
configure:12288: checking whether to build static libraries
configure:12292: result: yes
configure:9118: checking for gcc option to accept ISO C99
configure:9267: gcc  -c -g -O2  conftest.c >&5
configure:9267: $? = 0
configure:9280: result: none needed
configure:9299: checking whether __clang__ is declared
configure:9299: gcc -c -g -O2  conftest.c >&5
conftest.c: In function 'main':
conftest.c:68:10: error: '__clang__' undeclared (first use in this function)
   68 |   (void) __clang__;
      |          ^~~~~~~~~
conftest.c:68:10: note: each undeclared identifier is reported only once for each function it appears in
configure:9299: $? = 1
configure: failed program was:
| /* confdefs.h */
| #define PACKAGE_NAME "libXfont2"
| #define PACKAGE_TARNAME "libXfont2"
| #define PACKAGE_VERSION "2.0.4"
| #define PACKAGE_STRING "libXfont2 2.0.4"
| #define PACKAGE_BUGREPORT "https://gitlab.freedesktop.org/xorg/lib/libXfont/issues"
| #define PACKAGE_URL ""
| #define PACKAGE "libXfont2"
| #define VERSION "2.0.4"
| #define STDC_HEADERS 1
| #define HAVE_SYS_TYPES_H 1
| #define HAVE_SYS_STAT_H 1
| #define HAVE_STDLIB_H 1
| #define HAVE_STRING_H 1
| #define HAVE_MEMORY_H 1
| #define HAVE_STRINGS_H 1
| #define HAVE_INTTYPES_H 1
| #define HAVE_STDINT_H 1
| #define HAVE_UNISTD_H 1
| #define __EXTENSIONS__ 1
| #define _ALL_SOURCE 1
| #define _GNU_SOURCE 1
| #define _POSIX_PTHREAD_SEMANTICS 1
| #define _TANDEM_SOURCE 1
| #define HAVE_DLFCN_H 1
| #define LT_OBJDIR ".libs/"
| /* end confdefs.h.  */
| #include <stdio.h>
| #ifdef HAVE_SYS_TYPES_H
| # include <sys/types.h>
| #endif
| #ifdef HAVE_SYS_STAT_H
| # include <sys/stat.h>
| #endif
| #ifdef STDC_HEADERS
| # include <stdlib.h>
| # include <stddef.h>
| #else
| # ifdef HAVE_STDLIB_H
| #  include <stdlib.h>
| # endif
| #endif
| #ifdef HAVE_STRING_H
| # if !defined STDC_HEADERS && defined HAVE_MEMORY_H
| #  include <memory.h>
| # endif
| # include <string.h>
| #endif
| #ifdef HAVE_STRINGS_H
| # include <strings.h>
| #endif
| #ifdef HAVE_INTTYPES_H
| # include <inttypes.h>
| #endif
| #ifdef HAVE_STDINT_H
| # include <stdint.h>
| #endif
| #ifdef HAVE_UNISTD_H
| # include <unistd.h>
| #endif
| int
| main ()
| {
| #ifndef __clang__
| #ifdef __cplusplus
|   (void) __clang__;
| #else
|   (void) __clang__;
| #endif
| #endif
| 
|   ;
|   return 0;
| }
configure:9299: result: no
configure:9306: checking whether __INTEL_COMPILER is declared
configure:9306: gcc -c -g -O2  conftest.c >&5
conftest.c: In function 'main':
conftest.c:68:10: error: '__INTEL_COMPILER' undeclared (first use in this function)
   68 |   (void) __INTEL_COMPILER;
      |          ^~~~~~~~~~~~~~~~
conftest.c:68:10: note: each undeclared identifier is reported only once for each function it appears in
configure:9306: $? = 1
configure: failed program was:
| /* confdefs.h */
| #define PACKAGE_NAME "libXfont2"
| #define PACKAGE_TARNAME "libXfont2"
| #define PACKAGE_VERSION "2.0.4"
| #define PACKAGE_STRING "libXfont2 2.0.4"
| #define PACKAGE_BUGREPORT "https://gitlab.freedesktop.org/xorg/lib/libXfont/issues"
| #define PACKAGE_URL ""
| #define PACKAGE "libXfont2"
| #define VERSION "2.0.4"
| #define STDC_HEADERS 1
| #define HAVE_SYS_TYPES_H 1
| #define HAVE_SYS_STAT_H 1
| #define HAVE_STDLIB_H 1
| #define HAVE_STRING_H 1
| #define HAVE_MEMORY_H 1
| #define HAVE_STRINGS_H 1
| #define HAVE_INTTYPES_H 1
| #define HAVE_STDINT_H 1
| #define HAVE_UNISTD_H 1
| #define __EXTENSIONS__ 1
| #define _ALL_SOURCE 1
| #define _GNU_SOURCE 1
| #define _POSIX_PTHREAD_SEMANTICS 1
| #define _TANDEM_SOURCE 1
| #define HAVE_DLFCN_H 1
| #define LT_OBJDIR ".libs/"
| /* end confdefs.h.  */
| #include <stdio.h>
| #ifdef HAVE_SYS_TYPES_H
| # include <sys/types.h>
| #endif
| #ifdef HAVE_SYS_STAT_H
| # include <sys/stat.h>
| #endif
| #ifdef STDC_HEADERS
| # include <stdlib.h>
| # include <stddef.h>
| #else
| # ifdef HAVE_STDLIB_H
| #  include <stdlib.h>
| # endif
| #endif
| #ifdef HAVE_STRING_H
| # if !defined STDC_HEADERS && defined HAVE_MEMORY_H
| #  include <memory.h>
| # endif
| # include <string.h>
| #endif
| #ifdef HAVE_STRINGS_H
| # include <strings.h>
| #endif
| #ifdef HAVE_INTTYPES_H
| # include <inttypes.h>
| #endif
| #ifdef HAVE_STDINT_H
| # include <stdint.h>
| #endif
| #ifdef HAVE_UNISTD_H
| # include <unistd.h>
| #endif
| int
| main ()
| {
| #ifndef __INTEL_COMPILER
| #ifdef __cplusplus
|   (void) __INTEL_COMPILER;
| #else
|   (void) __INTEL_COMPILER;
| #endif
| #endif
| 
|   ;
|   return 0;
| }
configure:9306: result: no
configure:9313: checking whether __SUNPRO_C is declared
configure:9313: gcc -c -g -O2  conftest.c >&5
conftest.c: In function 'main':
conftest.c:68:10: error: '__SUNPRO_C' undeclared (first use in this function)
   68 |   (void) __SUNPRO_C;
      |          ^~~~~~~~~~
conftest.c:68:10: note: each undeclared identifier is reported only once for each function it appears in
configure:9313: $? = 1
configure: failed program was:
| /* confdefs.h */
| #define PACKAGE_NAME "libXfont2"
| #define PACKAGE_TARNAME "libXfont2"
| #define PACKAGE_VERSION "2.0.4"
| #define PACKAGE_STRING "libXfont2 2.0.4"
| #define PACKAGE_BUGREPORT "https://gitlab.freedesktop.org/xorg/lib/libXfont/issues"
| #define PACKAGE_URL ""
| #define PACKAGE "libXfont2"
| #define VERSION "2.0.4"
| #define STDC_HEADERS 1
| #define HAVE_SYS_TYPES_H 1
| #define HAVE_SYS_STAT_H 1
| #define HAVE_STDLIB_H 1
| #define HAVE_STRING_H 1
| #define HAVE_MEMORY_H 1
| #define HAVE_STRINGS_H 1
| #define HAVE_INTTYPES_H 1
| #define HAVE_STDINT_H 1
| #define HAVE_UNISTD_H 1
| #define __EXTENSIONS__ 1
| #define _ALL_SOURCE 1
| #define _GNU_SOURCE 1
| #define _POSIX_PTHREAD_SEMANTICS 1
| #define _TANDEM_SOURCE 1
| #define HAVE_DLFCN_H 1
| #define LT_OBJDIR ".libs/"
| /* end confdefs.h.  */
| #include <stdio.h>
| #ifdef HAVE_SYS_TYPES_H
| # include <sys/types.h>
| #endif
| #ifdef HAVE_SYS_STAT_H
| # include <sys/stat.h>
| #endif
| #ifdef STDC_HEADERS
| # include <stdlib.h>
| # include <stddef.h>
| #else
| # ifdef HAVE_STDLIB_H
| #  include <stdlib.h>
| # endif
| #endif
| #ifdef HAVE_STRING_H
| # if !defined STDC_HEADERS && defined HAVE_MEMORY_H
| #  include <memory.h>
| # endif
| # include <string.h>
| #endif
| #ifdef HAVE_STRINGS_H
| # include <strings.h>
| #endif
| #ifdef HAVE_INTTYPES_H
| # include <inttypes.h>
| #endif
| #ifdef HAVE_STDINT_H
| # include <stdint.h>
| #endif
| #ifdef HAVE_UNISTD_H
| # include <unistd.h>
| #endif
| int
| main ()
| {
| #ifndef __SUNPRO_C
| #ifdef __cplusplus
|   (void) __SUNPRO_C;
| #else
|   (void) __SUNPRO_C;
| #endif
| #endif
| 
|   ;
|   return 0;
| }
configure:9313: result: no
configure:9375: checking for pkg-config
configure:9393: found /usr/bin/pkg-config
configure:9405: result: /usr/bin/pkg-config
configure:9430: checking pkg-config is at least version 0.9.0
configure:9433: result: yes
configure:9482: checking if gcc supports -Werror=unknown-warning-option
configure:9491: gcc -c -g -O2 -Werror=unknown-warning-option  conftest.c >&5
cc1: error: '-Werror=unknown-warning-option': no option -Wunknown-warning-option
configure:9491: $? = 1
configure: failed program was:
| /* confdefs.h */
| #define PACKAGE_NAME "libXfont2"
| #define PACKAGE_TARNAME "libXfont2"
| #define PACKAGE_VERSION "2.0.4"
| #define PACKAGE_STRING "libXfont2 2.0.4"
| #define PACKAGE_BUGREPORT "https://gitlab.freedesktop.org/xorg/lib/libXfont/issues"
| #define PACKAGE_URL ""
| #define PACKAGE "libXfont2"
| #define VERSION "2.0.4"
| #define STDC_HEADERS 1
| #define HAVE_SYS_TYPES_H 1
| #define HAVE_SYS_STAT_H 1
| #define HAVE_STDLIB_H 1
| #define HAVE_STRING_H 1
| #define HAVE_MEMORY_H 1
| #define HAVE_STRINGS_H 1
| #define HAVE_INTTYPES_H 1
| #define HAVE_STDINT_H 1
| #define HAVE_UNISTD_H 1
| #define __EXTENSIONS__ 1
| #define _ALL_SOURCE 1
| #define _GNU_SOURCE 1
| #define _POSIX_PTHREAD_SEMANTICS 1
| #define _TANDEM_SOURCE 1
| #define HAVE_DLFCN_H 1
| #define LT_OBJDIR ".libs/"
| /* end confdefs.h.  */
| int i;
configure:9498: result: no
configure:9509: checking if gcc supports -Werror=unused-command-line-argument
configure:9518: gcc -c -g -O2 -Werror=unused-command-line-argument  conftest.c >&5
cc1: error: '-Werror=unused-command-line-argument': no option -Wunused-command-line-argument
configure:9518: $? = 1
configure: failed program was:
| /* confdefs.h */
| #define PACKAGE_NAME "libXfont2"
| #define PACKAGE_TARNAME "libXfont2"
| #define PACKAGE_VERSION "2.0.4"
| #define PACKAGE_STRING "libXfont2 2.0.4"
| #define PACKAGE_BUGREPORT "https://gitlab.freedesktop.org/xorg/lib/libXfont/issues"
| #define PACKAGE_URL ""
| #define PACKAGE "libXfont2"
| #define VERSION "2.0.4"
| #define STDC_HEADERS 1
| #define HAVE_SYS_TYPES_H 1
| #define HAVE_SYS_STAT_H 1
| #define HAVE_STDLIB_H 1
| #define HAVE_STRING_H 1
| #define HAVE_MEMORY_H 1
| #define HAVE_STRINGS_H 1
| #define HAVE_INTTYPES_H 1
| #define HAVE_STDINT_H 1
| #define HAVE_UNISTD_H 1
| #define __EXTENSIONS__ 1
| #define _ALL_SOURCE 1
| #define _GNU_SOURCE 1
| #define _POSIX_PTHREAD_SEMANTICS 1
| #define _TANDEM_SOURCE 1
| #define HAVE_DLFCN_H 1
| #define LT_OBJDIR ".libs/"
| /* end confdefs.h.  */
| int i;
configure:9525: result: no
configure:9544: checking if gcc supports -Wall
configure:9561: gcc -o conftest -g -O2 -Wall   conftest.c  >&5
configure:9561: $? = 0
configure:9574: result: yes
configure:9662: checking if gcc supports -Wpointer-arith
configure:9679: gcc -o conftest -g -O2 -Wpointer-arith   conftest.c  >&5
configure:9679: $? = 0
configure:9692: result: yes
configure:9780: checking if gcc supports -Wmissing-declarations
configure:9797: gcc -o conftest -g -O2 -Wmissing-declarations   conftest.c  >&5
configure:9797: $? = 0
configure:9810: result: yes
configure:9898: checking if gcc supports -Wformat=2
configure:9915: gcc -o conftest -g -O2 -Wformat=2   conftest.c  >&5
configure:9915: $? = 0
configure:9928: result: yes
configure:10067: checking if gcc supports -Wstrict-prototypes
configure:10084: gcc -o conftest -g -O2 -Wstrict-prototypes   conftest.c  >&5
conftest.c:30:1: warning: function declaration isn't a prototype [-Wstrict-prototypes]
   30 | main ()
      | ^~~~
configure:10084: $? = 0
configure:10097: result: yes
configure:10185: checking if gcc supports -Wmissing-prototypes
configure:10202: gcc -o conftest -g -O2 -Wmissing-prototypes   conftest.c  >&5
configure:10202: $? = 0
configure:10215: result: yes
configure:10303: checking if gcc supports -Wnested-externs
configure:10320: gcc -o conftest -g -O2 -Wnested-externs   conftest.c  >&5
configure:10320: $? = 0
configure:10333: result: yes
configure:10421: checking if gcc supports -Wbad-function-cast
configure:10438: gcc -o conftest -g -O2 -Wbad-function-cast   conftest.c  >&5
configure:10438: $? = 0
configure:10451: result: yes
configure:10539: checking if gcc supports -Wold-style-definition
configure:10556: gcc -o conftest -g -O2 -Wold-style-definition   conftest.c  >&5
conftest.c: In function 'main':
conftest.c:30:1: warning: old-style function definition [-Wold-style-definition]
   30 | main ()
      | ^~~~
configure:10556: $? = 0
configure:10569: result: yes
configure:10706: checking if gcc supports -Wdeclaration-after-statement
configure:10723: gcc -o conftest -g -O2 -Wdeclaration-after-statement   conftest.c  >&5
configure:10723: $? = 0
configure:10736: result: yes
configure:10828: checking if gcc supports -Wunused
configure:10845: gcc -o conftest -g -O2 -Wunused   conftest.c  >&5
configure:10845: $? = 0
configure:10858: result: yes
configure:10946: checking if gcc supports -Wuninitialized
configure:10963: gcc -o conftest -g -O2 -Wuninitialized   conftest.c  >&5
configure:10963: $? = 0
configure:10976: result: yes
configure:11064: checking if gcc supports -Wshadow
configure:11081: gcc -o conftest -g -O2 -Wshadow   conftest.c  >&5
configure:11081: $? = 0
configure:11094: result: yes
configure:11182: checking if gcc supports -Wmissing-noreturn
configure:11199: gcc -o conftest -g -O2 -Wmissing-noreturn   conftest.c  >&5
configure:11199: $? = 0
configure:11212: result: yes
configure:11300: checking if gcc supports -Wmissing-format-attribute
configure:11317: gcc -o conftest -g -O2 -Wmissing-format-attribute   conftest.c  >&5
configure:11317: $? = 0
configure:11330: result: yes
configure:11418: checking if gcc supports -Wredundant-decls
configure:11435: gcc -o conftest -g -O2 -Wredundant-decls   conftest.c  >&5
configure:11435: $? = 0
configure:11448: result: yes
configure:11536: checking if gcc supports -Wlogical-op
configure:11553: gcc -o conftest -g -O2 -Wlogical-op   conftest.c  >&5
configure:11553: $? = 0
configure:11566: result: yes
configure:13269: WARNING: You have chosen not to turn some select compiler warnings into errors.  This should not be necessary.  Please report why you needed to do so in a bug report at https://gitlab.freedesktop.org/xorg/lib/libXfont/issues
configure:13350: checking if gcc supports -Wimplicit
configure:13367: gcc -o conftest -g -O2 -Wimplicit   conftest.c  >&5
configure:13367: $? = 0
configure:13380: result: yes
configure:13468: checking if gcc supports -Wnonnull
configure:13485: gcc -o conftest -g -O2 -Wnonnull   conftest.c  >&5
configure:13485: $? = 0
configure:13498: result: yes
configure:13586: checking if gcc supports -Winit-self
configure:13603: gcc -o conftest -g -O2 -Winit-self   conftest.c  >&5
configure:13603: $? = 0
configure:13616: result: yes
configure:13704: checking if gcc supports -Wmain
configure:13721: gcc -o conftest -g -O2 -Wmain   conftest.c  >&5
configure:13721: $? = 0
configure:13734: result: yes
configure:13822: checking if gcc supports -Wmissing-braces
configure:13839: gcc -o conftest -g -O2 -Wmissing-braces   conftest.c  >&5
configure:13839: $? = 0
configure:13852: result: yes
configure:13940: checking if gcc supports -Wsequence-point
configure:13957: gcc -o conftest -g -O2 -Wsequence-point   conftest.c  >&5
configure:13957: $? = 0
configure:13970: result: yes
configure:14058: checking if gcc supports -Wreturn-type
configure:14075: gcc -o conftest -g -O2 -Wreturn-type   conftest.c  >&5
configure:14075: $? = 0
configure:14088: result: yes
configure:14176: checking if gcc supports -Wtrigraphs
configure:14193: gcc -o conftest -g -O2 -Wtrigraphs   conftest.c  >&5
configure:14193: $? = 0
configure:14206: result: yes
configure:14294: checking if gcc supports -Warray-bounds
configure:14311: gcc -o conftest -g -O2 -Warray-bounds   conftest.c  >&5
configure:14311: $? = 0
configure:14324: result: yes
configure:14412: checking if gcc supports -Wwrite-strings
configure:14429: gcc -o conftest -g -O2 -Wwrite-strings   conftest.c  >&5
configure:14429: $? = 0
configure:14442: result: yes
configure:14530: checking if gcc supports -Waddress
configure:14547: gcc -o conftest -g -O2 -Waddress   conftest.c  >&5
configure:14547: $? = 0
configure:14560: result: yes
configure:14648: checking if gcc supports -Wint-to-pointer-cast
configure:14665: gcc -o conftest -g -O2 -Wint-to-pointer-cast   conftest.c  >&5
configure:14665: $? = 0
configure:14678: result: yes
configure:14766: checking if gcc supports -Wpointer-to-int-cast
configure:14783: gcc -o conftest -g -O2 -Wpointer-to-int-cast   conftest.c  >&5
configure:14783: $? = 0
configure:14796: result: yes
configure:14917: checking if gcc supports -pedantic
configure:14934: gcc -o conftest -g -O2 -pedantic   conftest.c  >&5
configure:14934: $? = 0
configure:14947: result: yes
configure:15035: checking if gcc supports -Werror
configure:15052: gcc -o conftest -g -O2 -Werror   conftest.c  >&5
configure:15052: $? = 0
configure:15065: result: yes
configure:15205: checking if gcc supports -Werror=attributes
configure:15222: gcc -o conftest -g -O2 -Werror=attributes   conftest.c  >&5
configure:15222: $? = 0
configure:15235: result: yes
configure:15395: checking whether make supports nested variables
configure:15412: result: yes
configure:15442: checking whether to build developer documentation
configure:15444: result: yes
configure:15463: checking for xmlto
configure:15496: result: no
configure:15502: WARNING: xmlto not found - documentation targets will be skipped
configure:15651: checking for fop
configure:15684: result: no
configure:15690: WARNING: fop not found - documentation targets will be skipped
configure:15763: checking for X.Org SGML entities >= 1.7
configure:15767: $PKG_CONFIG --exists --print-errors "xorg-sgml-doctools >= 1.7"
configure:15770: $? = 0
configure:15781: result: /usr/share/sgml
configure:15807: checking endian.h usability
configure:15807: gcc -c -g -O2  conftest.c >&5
configure:15807: $? = 0
configure:15807: result: yes
configure:15807: checking endian.h presence
configure:15807: gcc -E  conftest.c
configure:15807: $? = 0
configure:15807: result: yes
configure:15807: checking for endian.h
configure:15807: result: yes
configure:15807: checking poll.h usability
configure:15807: gcc -c -g -O2  conftest.c >&5
configure:15807: $? = 0
configure:15807: result: yes
configure:15807: checking poll.h presence
configure:15807: gcc -E  conftest.c
configure:15807: $? = 0
configure:15807: result: yes
configure:15807: checking for poll.h
configure:15807: result: yes
configure:15807: checking sys/poll.h usability
configure:15807: gcc -c -g -O2  conftest.c >&5
configure:15807: $? = 0
configure:15807: result: yes
configure:15807: checking sys/poll.h presence
configure:15807: gcc -E  conftest.c
configure:15807: $? = 0
configure:15807: result: yes
configure:15807: checking for sys/poll.h
configure:15807: result: yes
configure:15822: checking for poll
configure:15822: gcc -o conftest -g -O2   conftest.c  >&5
configure:15822: $? = 0
configure:15822: result: yes
configure:15822: checking for readlink
configure:15822: gcc -o conftest -g -O2   conftest.c  >&5
configure:15822: $? = 0
configure:15822: result: yes
configure:15831: checking for library containing strlcat
configure:15862: gcc -o conftest -g -O2   conftest.c  >&5
/usr/bin/ld: /tmp/cch3Rn23.o: in function `main':
/home/adduser/libXfont2-2.0.4/libXfont2-2.0.4/conftest.c:47: undefined reference to `strlcat'
collect2: error: ld returned 1 exit status
configure:15862: $? = 1
configure: failed program was:
| /* confdefs.h */
| #define PACKAGE_NAME "libXfont2"
| #define PACKAGE_TARNAME "libXfont2"
| #define PACKAGE_VERSION "2.0.4"
| #define PACKAGE_STRING "libXfont2 2.0.4"
| #define PACKAGE_BUGREPORT "https://gitlab.freedesktop.org/xorg/lib/libXfont/issues"
| #define PACKAGE_URL ""
| #define PACKAGE "libXfont2"
| #define VERSION "2.0.4"
| #define STDC_HEADERS 1
| #define HAVE_SYS_TYPES_H 1
| #define HAVE_SYS_STAT_H 1
| #define HAVE_STDLIB_H 1
| #define HAVE_STRING_H 1
| #define HAVE_MEMORY_H 1
| #define HAVE_STRINGS_H 1
| #define HAVE_INTTYPES_H 1
| #define HAVE_STDINT_H 1
| #define HAVE_UNISTD_H 1
| #define __EXTENSIONS__ 1
| #define _ALL_SOURCE 1
| #define _GNU_SOURCE 1
| #define _POSIX_PTHREAD_SEMANTICS 1
| #define _TANDEM_SOURCE 1
| #define HAVE_DLFCN_H 1
| #define LT_OBJDIR ".libs/"
| #define PACKAGE_VERSION_MAJOR 2
| #define PACKAGE_VERSION_MINOR 0
| #define PACKAGE_VERSION_PATCHLEVEL 4
| #define HAVE_ENDIAN_H 1
| #define HAVE_POLL_H 1
| #define HAVE_SYS_POLL_H 1
| #define HAVE_POLL 1
| #define HAVE_READLINK 1
| /* end confdefs.h.  */
| 
| /* Override any GCC internal prototype to avoid an error.
|    Use char because int might match the return type of a GCC
|    builtin and then its argument prototype would still apply.  */
| #ifdef __cplusplus
| extern "C"
| #endif
| char strlcat ();
| int
| main ()
| {
| return strlcat ();
|   ;
|   return 0;
| }
configure:15862: gcc -o conftest -g -O2   conftest.c -lbsd   >&5
configure:15862: $? = 0
configure:15879: result: -lbsd
configure:15888: checking for reallocarray
configure:15888: gcc -o conftest -g -O2   conftest.c -lbsd  >&5
configure:15888: $? = 0
configure:15888: result: yes
configure:15901: checking for strlcat
configure:15901: gcc -o conftest -g -O2   conftest.c -lbsd  >&5
configure:15901: $? = 0
configure:15901: result: yes
configure:15914: checking for strlcpy
configure:15914: gcc -o conftest -g -O2   conftest.c -lbsd  >&5
configure:15914: $? = 0
configure:15914: result: yes
configure:15985: checking for pkg-config
configure:16015: result: /usr/bin/pkg-config
configure:16040: checking pkg-config is at least version 0.9.0
configure:16043: result: yes
configure:16093: checking for FREETYPE
configure:16100: $PKG_CONFIG --exists --print-errors "freetype2"
configure:16103: $? = 0
configure:16117: $PKG_CONFIG --exists --print-errors "freetype2"
configure:16120: $? = 0
configure:16158: result: yes
configure:16241: checking for gzopen in -lz
configure:16266: gcc -o conftest -g -O2   conftest.c -lz  -lbsd  >&5
configure:16266: $? = 0
configure:16275: result: yes
configure:16501: checking for hypot in -lm
configure:16526: gcc -o conftest -g -O2   conftest.c -lm  -lbsd  >&5
conftest.c:54:6: warning: conflicting types for built-in function 'hypot'; expected 'double(double,  double)' [-Wbuiltin-declaration-mismatch]
   54 | char hypot ();
      |      ^~~~~
conftest.c:1:1: note: 'hypot' is declared in header '<math.h>'
    1 | /* confdefs.h */
configure:16526: $? = 0
configure:16535: result: yes
configure:16547: checking for XFONT
configure:16554: $PKG_CONFIG --exists --print-errors "xproto xtrans fontsproto >= 2.1.3 fontenc"
configure:16557: $? = 0
configure:16571: $PKG_CONFIG --exists --print-errors "xproto xtrans fontsproto >= 2.1.3 fontenc"
configure:16574: $? = 0
configure:16632: result: yes
configure:16651: checking if Xtrans should support UNIX socket connections
configure:16658: result: yes
configure:16667: checking if Xtrans should support TCP socket connections
configure:16669: result: yes
configure:16677: checking for library containing socket
configure:16708: gcc -o conftest -g -O2   conftest.c -lbsd  >&5
configure:16708: $? = 0
configure:16725: result: none required
configure:16733: checking for library containing gethostbyname
configure:16764: gcc -o conftest -g -O2   conftest.c -lbsd  >&5
configure:16764: $? = 0
configure:16781: result: none required
configure:16836: checking for getaddrinfo
configure:16836: gcc -o conftest -g -O2   conftest.c -lbsd  >&5
configure:16836: $? = 0
configure:16836: result: yes
configure:16845: checking if IPv6 support should be built
configure:16852: result: yes
configure:16856: checking for struct sockaddr_in.sin_len
configure:16856: gcc -c -g -O2  conftest.c >&5
conftest.c: In function 'main':
conftest.c:60:12: error: 'struct sockaddr_in' has no member named 'sin_len'
   60 | if (ac_aggr.sin_len)
      |            ^
configure:16856: $? = 1
configure: failed program was:
| /* confdefs.h */
| #define PACKAGE_NAME "libXfont2"
| #define PACKAGE_TARNAME "libXfont2"
| #define PACKAGE_VERSION "2.0.4"
| #define PACKAGE_STRING "libXfont2 2.0.4"
| #define PACKAGE_BUGREPORT "https://gitlab.freedesktop.org/xorg/lib/libXfont/issues"
| #define PACKAGE_URL ""
| #define PACKAGE "libXfont2"
| #define VERSION "2.0.4"
| #define STDC_HEADERS 1
| #define HAVE_SYS_TYPES_H 1
| #define HAVE_SYS_STAT_H 1
| #define HAVE_STDLIB_H 1
| #define HAVE_STRING_H 1
| #define HAVE_MEMORY_H 1
| #define HAVE_STRINGS_H 1
| #define HAVE_INTTYPES_H 1
| #define HAVE_STDINT_H 1
| #define HAVE_UNISTD_H 1
| #define __EXTENSIONS__ 1
| #define _ALL_SOURCE 1
| #define _GNU_SOURCE 1
| #define _POSIX_PTHREAD_SEMANTICS 1
| #define _TANDEM_SOURCE 1
| #define HAVE_DLFCN_H 1
| #define LT_OBJDIR ".libs/"
| #define PACKAGE_VERSION_MAJOR 2
| #define PACKAGE_VERSION_MINOR 0
| #define PACKAGE_VERSION_PATCHLEVEL 4
| #define HAVE_ENDIAN_H 1
| #define HAVE_POLL_H 1
| #define HAVE_SYS_POLL_H 1
| #define HAVE_POLL 1
| #define HAVE_READLINK 1
| #define HAVE_REALLOCARRAY 1
| #define HAVE_STRLCAT 1
| #define HAVE_STRLCPY 1
| #define XFONT_FREETYPE 1
| #define X_GZIP_FONT_COMPRESSION 1
| #define XFONT_BUILTINS 1
| #define XFONT_PCFFORMAT 1
| #define XFONT_BDFFORMAT 1
| #define XFONT_BITMAP 1
| #define XFONT_FONTFILE 1
| #define XFONT_FC 1
| #define UNIXCONN 1
| #define TCPCONN 1
| #define IPv6 1
| /* end confdefs.h.  */
| 
| #include <sys/types.h>
| #include <sys/socket.h>
| #include <netinet/in.h>
| 
| 
| int
| main ()
| {
| static struct sockaddr_in ac_aggr;
| if (ac_aggr.sin_len)
| return 0;
|   ;
|   return 0;
| }
configure:16856: gcc -c -g -O2  conftest.c >&5
conftest.c: In function 'main':
conftest.c:60:19: error: 'struct sockaddr_in' has no member named 'sin_len'
   60 | if (sizeof ac_aggr.sin_len)
      |                   ^
configure:16856: $? = 1
configure: failed program was:
| /* confdefs.h */
| #define PACKAGE_NAME "libXfont2"
| #define PACKAGE_TARNAME "libXfont2"
| #define PACKAGE_VERSION "2.0.4"
| #define PACKAGE_STRING "libXfont2 2.0.4"
| #define PACKAGE_BUGREPORT "https://gitlab.freedesktop.org/xorg/lib/libXfont/issues"
| #define PACKAGE_URL ""
| #define PACKAGE "libXfont2"
| #define VERSION "2.0.4"
| #define STDC_HEADERS 1
| #define HAVE_SYS_TYPES_H 1
| #define HAVE_SYS_STAT_H 1
| #define HAVE_STDLIB_H 1
| #define HAVE_STRING_H 1
| #define HAVE_MEMORY_H 1
| #define HAVE_STRINGS_H 1
| #define HAVE_INTTYPES_H 1
| #define HAVE_STDINT_H 1
| #define HAVE_UNISTD_H 1
| #define __EXTENSIONS__ 1
| #define _ALL_SOURCE 1
| #define _GNU_SOURCE 1
| #define _POSIX_PTHREAD_SEMANTICS 1
| #define _TANDEM_SOURCE 1
| #define HAVE_DLFCN_H 1
| #define LT_OBJDIR ".libs/"
| #define PACKAGE_VERSION_MAJOR 2
| #define PACKAGE_VERSION_MINOR 0
| #define PACKAGE_VERSION_PATCHLEVEL 4
| #define HAVE_ENDIAN_H 1
| #define HAVE_POLL_H 1
| #define HAVE_SYS_POLL_H 1
| #define HAVE_POLL 1
| #define HAVE_READLINK 1
| #define HAVE_REALLOCARRAY 1
| #define HAVE_STRLCAT 1
| #define HAVE_STRLCPY 1
| #define XFONT_FREETYPE 1
| #define X_GZIP_FONT_COMPRESSION 1
| #define XFONT_BUILTINS 1
| #define XFONT_PCFFORMAT 1
| #define XFONT_BDFFORMAT 1
| #define XFONT_BITMAP 1
| #define XFONT_FONTFILE 1
| #define XFONT_FC 1
| #define UNIXCONN 1
| #define TCPCONN 1
| #define IPv6 1
| /* end confdefs.h.  */
| 
| #include <sys/types.h>
| #include <sys/socket.h>
| #include <netinet/in.h>
| 
| 
| int
| main ()
| {
| static struct sockaddr_in ac_aggr;
| if (sizeof ac_aggr.sin_len)
| return 0;
|   ;
|   return 0;
| }
configure:16856: result: no
configure:16870: checking for socklen_t
configure:16870: gcc -c -g -O2  conftest.c >&5
configure:16870: $? = 0
configure:16870: gcc -c -g -O2  conftest.c >&5
conftest.c: In function 'main':
conftest.c:89:24: error: expected expression before ')' token
   89 | if (sizeof ((socklen_t)))
      |                        ^
configure:16870: $? = 1
configure: failed program was:
| /* confdefs.h */
| #define PACKAGE_NAME "libXfont2"
| #define PACKAGE_TARNAME "libXfont2"
| #define PACKAGE_VERSION "2.0.4"
| #define PACKAGE_STRING "libXfont2 2.0.4"
| #define PACKAGE_BUGREPORT "https://gitlab.freedesktop.org/xorg/lib/libXfont/issues"
| #define PACKAGE_URL ""
| #define PACKAGE "libXfont2"
| #define VERSION "2.0.4"
| #define STDC_HEADERS 1
| #define HAVE_SYS_TYPES_H 1
| #define HAVE_SYS_STAT_H 1
| #define HAVE_STDLIB_H 1
| #define HAVE_STRING_H 1
| #define HAVE_MEMORY_H 1
| #define HAVE_STRINGS_H 1
| #define HAVE_INTTYPES_H 1
| #define HAVE_STDINT_H 1
| #define HAVE_UNISTD_H 1
| #define __EXTENSIONS__ 1
| #define _ALL_SOURCE 1
| #define _GNU_SOURCE 1
| #define _POSIX_PTHREAD_SEMANTICS 1
| #define _TANDEM_SOURCE 1
| #define HAVE_DLFCN_H 1
| #define LT_OBJDIR ".libs/"
| #define PACKAGE_VERSION_MAJOR 2
| #define PACKAGE_VERSION_MINOR 0
| #define PACKAGE_VERSION_PATCHLEVEL 4
| #define HAVE_ENDIAN_H 1
| #define HAVE_POLL_H 1
| #define HAVE_SYS_POLL_H 1
| #define HAVE_POLL 1
| #define HAVE_READLINK 1
| #define HAVE_REALLOCARRAY 1
| #define HAVE_STRLCAT 1
| #define HAVE_STRLCPY 1
| #define XFONT_FREETYPE 1
| #define X_GZIP_FONT_COMPRESSION 1
| #define XFONT_BUILTINS 1
| #define XFONT_PCFFORMAT 1
| #define XFONT_BDFFORMAT 1
| #define XFONT_BITMAP 1
| #define XFONT_FONTFILE 1
| #define XFONT_FC 1
| #define UNIXCONN 1
| #define TCPCONN 1
| #define IPv6 1
| /* end confdefs.h.  */
| 
| #include <stdio.h>
| #ifdef HAVE_SYS_TYPES_H
| # include <sys/types.h>
| #endif
| #ifdef HAVE_SYS_STAT_H
| # include <sys/stat.h>
| #endif
| #ifdef STDC_HEADERS
| # include <stdlib.h>
| # include <stddef.h>
| #else
| # ifdef HAVE_STDLIB_H
| #  include <stdlib.h>
| # endif
| #endif
| #ifdef HAVE_STRING_H
| # if !defined STDC_HEADERS && defined HAVE_MEMORY_H
| #  include <memory.h>
| # endif
| # include <string.h>
| #endif
| #ifdef HAVE_STRINGS_H
| # include <strings.h>
| #endif
| #ifdef HAVE_INTTYPES_H
| # include <inttypes.h>
| #endif
| #ifdef HAVE_STDINT_H
| # include <stdint.h>
| #endif
| #ifdef HAVE_UNISTD_H
| # include <unistd.h>
| #endif
| #include <sys/socket.h>
| 
| int
| main ()
| {
| if (sizeof ((socklen_t)))
| 	    return 0;
|   ;
|   return 0;
| }
configure:16870: result: yes
configure:16886: checking for struct msghdr.msg_control
configure:16886: gcc -c -g -O2  conftest.c >&5
configure:16886: $? = 0
configure:16886: result: yes
configure:16948: checking if Xtrans should support os-specific local connections
configure:16950: result: no
configure:16962: checking for strcasecmp
configure:16962: gcc -o conftest -g -O2   conftest.c -lbsd  >&5
conftest.c:74:6: warning: conflicting types for built-in function 'strcasecmp'; expected 'int(const char *, const char *)' [-Wbuiltin-declaration-mismatch]
   74 | char strcasecmp ();
      |      ^~~~~~~~~~
configure:16962: $? = 0
configure:16962: result: yes
configure:16962: checking for strlcpy
configure:16962: result: yes
configure:16995: gcc -c -g -O2 -fvisibility=hidden  conftest.c >&5
configure:16995: $? = 0
configure:17107: checking that generated files are newer than configure
configure:17113: result: done
configure:17196: creating ./config.status

## ---------------------- ##
## Running config.status. ##
## ---------------------- ##

This file was extended by libXfont2 config.status 2.0.4, which was
generated by GNU Autoconf 2.69.  Invocation command line was

  CONFIG_FILES    = 
  CONFIG_HEADERS  = 
  CONFIG_LINKS    = 
  CONFIG_COMMANDS = 
  $ ./config.status 

on DESKTOP-8MBSEF0

config.status:1190: creating Makefile
config.status:1190: creating doc/Makefile
config.status:1190: creating xfont2.pc
config.status:1190: creating config.h
config.status:1371: config.h is unchanged
config.status:1419: executing depfiles commands
config.status:1496: cd .       && sed -e '/# am--include-marker/d' Makefile         | make -f - am--depfiles
make: Nothing to be done for 'am--depfiles'.
config.status:1501: $? = 0
config.status:1419: executing libtool commands

## ---------------- ##
## Cache variables. ##
## ---------------- ##

ac_cv_build=x86_64-pc-linux-gnu
ac_cv_c_compiler_gnu=yes
ac_cv_env_CC_set=
ac_cv_env_CC_value=
ac_cv_env_CFLAGS_set=
ac_cv_env_CFLAGS_value=
ac_cv_env_CPPFLAGS_set=
ac_cv_env_CPPFLAGS_value=
ac_cv_env_CPP_set=
ac_cv_env_CPP_value=
ac_cv_env_FOP_set=
ac_cv_env_FOP_value=
ac_cv_env_FREETYPE_CFLAGS_set=
ac_cv_env_FREETYPE_CFLAGS_value=
ac_cv_env_FREETYPE_LIBS_set=
ac_cv_env_FREETYPE_LIBS_value=
ac_cv_env_LDFLAGS_set=
ac_cv_env_LDFLAGS_value=
ac_cv_env_LIBS_set=
ac_cv_env_LIBS_value=
ac_cv_env_LT_SYS_LIBRARY_PATH_set=
ac_cv_env_LT_SYS_LIBRARY_PATH_value=
ac_cv_env_PKG_CONFIG_LIBDIR_set=
ac_cv_env_PKG_CONFIG_LIBDIR_value=
ac_cv_env_PKG_CONFIG_PATH_set=
ac_cv_env_PKG_CONFIG_PATH_value=
ac_cv_env_PKG_CONFIG_set=
ac_cv_env_PKG_CONFIG_value=
ac_cv_env_XFONT_CFLAGS_set=
ac_cv_env_XFONT_CFLAGS_value=
ac_cv_env_XFONT_LIBS_set=
ac_cv_env_XFONT_LIBS_value=
ac_cv_env_XMLTO_set=
ac_cv_env_XMLTO_value=
ac_cv_env_build_alias_set=
ac_cv_env_build_alias_value=
ac_cv_env_host_alias_set=
ac_cv_env_host_alias_value=
ac_cv_env_target_alias_set=
ac_cv_env_target_alias_value=
ac_cv_func_getaddrinfo=yes
ac_cv_func_poll=yes
ac_cv_func_readlink=yes
ac_cv_func_reallocarray=yes
ac_cv_func_strcasecmp=yes
ac_cv_func_strlcat=yes
ac_cv_func_strlcpy=yes
ac_cv_have_decl___INTEL_COMPILER=no
ac_cv_have_decl___SUNPRO_C=no
ac_cv_have_decl___clang__=no
ac_cv_header_dlfcn_h=yes
ac_cv_header_endian_h=yes
ac_cv_header_inttypes_h=yes
ac_cv_header_memory_h=yes
ac_cv_header_minix_config_h=no
ac_cv_header_poll_h=yes
ac_cv_header_stdc=yes
ac_cv_header_stdint_h=yes
ac_cv_header_stdlib_h=yes
ac_cv_header_string_h=yes
ac_cv_header_strings_h=yes
ac_cv_header_sys_poll_h=yes
ac_cv_header_sys_stat_h=yes
ac_cv_header_sys_types_h=yes
ac_cv_header_unistd_h=yes
ac_cv_host=x86_64-pc-linux-gnu
ac_cv_lib_m_hypot=yes
ac_cv_lib_z_gzopen=yes
ac_cv_member_struct_msghdr_msg_control=yes
ac_cv_member_struct_sockaddr_in_sin_len=no
ac_cv_objext=o
ac_cv_path_EGREP='/usr/bin/grep -E'
ac_cv_path_FGREP='/usr/bin/grep -F'
ac_cv_path_GREP=/usr/bin/grep
ac_cv_path_SED=/usr/bin/sed
ac_cv_path_ac_pt_PKG_CONFIG=/usr/bin/pkg-config
ac_cv_path_install='/usr/bin/install -c'
ac_cv_path_lt_DD=/usr/bin/dd
ac_cv_path_mkdir=/usr/bin/mkdir
ac_cv_prog_AWK=gawk
ac_cv_prog_CPP='gcc -E'
ac_cv_prog_ac_ct_AR=ar
ac_cv_prog_ac_ct_CC=gcc
ac_cv_prog_ac_ct_MANIFEST_TOOL=mt
ac_cv_prog_ac_ct_OBJDUMP=objdump
ac_cv_prog_ac_ct_RANLIB=ranlib
ac_cv_prog_ac_ct_STRIP=strip
ac_cv_prog_cc_c89=
ac_cv_prog_cc_c99=
ac_cv_prog_cc_g=yes
ac_cv_prog_make_make_set=yes
ac_cv_safe_to_define___extensions__=yes
ac_cv_search_gethostbyname='none required'
ac_cv_search_socket='none required'
ac_cv_search_strlcat=-lbsd
ac_cv_type_socklen_t=yes
am_cv_CC_dependencies_compiler_type=gcc3
am_cv_make_support_nested_variables=yes
am_cv_prog_cc_c_o=yes
lt_cv_ar_at_file=@
lt_cv_archive_cmds_need_lc=no
lt_cv_deplibs_check_method=pass_all
lt_cv_file_magic_cmd='$MAGIC_CMD'
lt_cv_file_magic_test_file=
lt_cv_ld_reload_flag=-r
lt_cv_nm_interface='BSD nm'
lt_cv_objdir=.libs
lt_cv_path_LD=/usr/bin/ld
lt_cv_path_NM='/usr/bin/nm -B'
lt_cv_path_mainfest_tool=no
lt_cv_prog_compiler_c_o=yes
lt_cv_prog_compiler_pic='-fPIC -DPIC'
lt_cv_prog_compiler_pic_works=yes
lt_cv_prog_compiler_rtti_exceptions=no
lt_cv_prog_compiler_static_works=yes
lt_cv_prog_gnu_ld=yes
lt_cv_sharedlib_from_linklib_cmd='printf %s\n'
lt_cv_shlibpath_overrides_runpath=yes
lt_cv_sys_global_symbol_pipe='sed -n -e '\''s/^.*[	 ]\([ABCDGIRSTW][ABCDGIRSTW]*\)[	 ][	 ]*\([_A-Za-z][_A-Za-z0-9]*\)$/\1 \2 \2/p'\'' | sed '\''/ __gnu_lto/d'\'''
lt_cv_sys_global_symbol_to_c_name_address='sed -n -e '\''s/^: \(.*\) .*$/  {"\1", (void *) 0},/p'\'' -e '\''s/^[ABCDGIRSTW][ABCDGIRSTW]* .* \(.*\)$/  {"\1", (void *) \&\1},/p'\'''
lt_cv_sys_global_symbol_to_c_name_address_lib_prefix='sed -n -e '\''s/^: \(.*\) .*$/  {"\1", (void *) 0},/p'\'' -e '\''s/^[ABCDGIRSTW][ABCDGIRSTW]* .* \(lib.*\)$/  {"\1", (void *) \&\1},/p'\'' -e '\''s/^[ABCDGIRSTW][ABCDGIRSTW]* .* \(.*\)$/  {"lib\1", (void *) \&\1},/p'\'''
lt_cv_sys_global_symbol_to_cdecl='sed -n -e '\''s/^T .* \(.*\)$/extern int \1();/p'\'' -e '\''s/^[ABCDGIRSTW][ABCDGIRSTW]* .* \(.*\)$/extern char \1;/p'\'''
lt_cv_sys_global_symbol_to_import=
lt_cv_sys_max_cmd_len=1572864
lt_cv_to_host_file_cmd=func_convert_file_noop
lt_cv_to_tool_file_cmd=func_convert_file_noop
lt_cv_truncate_bin='/usr/bin/dd bs=4096 count=1'
pkg_cv_FREETYPE_CFLAGS='-I/usr/include/freetype2 -I/usr/include/libpng16'
pkg_cv_FREETYPE_LIBS=-lfreetype
pkg_cv_XFONT_CFLAGS='-D_DEFAULT_SOURCE -D_BSD_SOURCE -DHAS_FCHOWN -DHAS_STICKY_DIR_BIT'
pkg_cv_XFONT_LIBS=-lfontenc
xorg_cv_cc_flag__Waddress=yes
xorg_cv_cc_flag__Wall=yes
xorg_cv_cc_flag__Warray_bounds=yes
xorg_cv_cc_flag__Wbad_function_cast=yes
xorg_cv_cc_flag__Wdeclaration_after_statement=yes
xorg_cv_cc_flag__Werror=yes
xorg_cv_cc_flag__Werror_attributes=yes
xorg_cv_cc_flag__Wformat_2=yes
xorg_cv_cc_flag__Wimplicit=yes
xorg_cv_cc_flag__Winit_self=yes
xorg_cv_cc_flag__Wint_to_pointer_cast=yes
xorg_cv_cc_flag__Wlogical_op=yes
xorg_cv_cc_flag__Wmain=yes
xorg_cv_cc_flag__Wmissing_braces=yes
xorg_cv_cc_flag__Wmissing_declarations=yes
xorg_cv_cc_flag__Wmissing_format_attribute=yes
xorg_cv_cc_flag__Wmissing_noreturn=yes
xorg_cv_cc_flag__Wmissing_prototypes=yes
xorg_cv_cc_flag__Wnested_externs=yes
xorg_cv_cc_flag__Wnonnull=yes
xorg_cv_cc_flag__Wold_style_definition=yes
xorg_cv_cc_flag__Wpointer_arith=yes
xorg_cv_cc_flag__Wpointer_to_int_cast=yes
xorg_cv_cc_flag__Wredundant_decls=yes
xorg_cv_cc_flag__Wreturn_type=yes
xorg_cv_cc_flag__Wsequence_point=yes
xorg_cv_cc_flag__Wshadow=yes
xorg_cv_cc_flag__Wstrict_prototypes=yes
xorg_cv_cc_flag__Wtrigraphs=yes
xorg_cv_cc_flag__Wuninitialized=yes
xorg_cv_cc_flag__Wunused=yes
xorg_cv_cc_flag__Wwrite_strings=yes
xorg_cv_cc_flag__pedantic=yes
xorg_cv_cc_flag_unknown_warning_option=no
xorg_cv_cc_flag_unused_command_line_argument=no

## ----------------- ##
## Output variables. ##
## ----------------- ##

ACLOCAL='${SHELL} /home/adduser/libXfont2-2.0.4/libXfont2-2.0.4/missing aclocal-1.16'
ADMIN_MAN_DIR='$(mandir)/man$(ADMIN_MAN_SUFFIX)'
ADMIN_MAN_SUFFIX='8'
AMDEPBACKSLASH='\'
AMDEP_FALSE='#'
AMDEP_TRUE=''
AMTAR='$${TAR-tar}'
AM_BACKSLASH='\'
AM_DEFAULT_V='$(AM_DEFAULT_VERBOSITY)'
AM_DEFAULT_VERBOSITY='0'
AM_V='$(V)'
APP_MAN_DIR='$(mandir)/man$(APP_MAN_SUFFIX)'
APP_MAN_SUFFIX='1'
AR='ar'
AUTOCONF='${SHELL} /home/adduser/libXfont2-2.0.4/libXfont2-2.0.4/missing autoconf'
AUTOHEADER='${SHELL} /home/adduser/libXfont2-2.0.4/libXfont2-2.0.4/missing autoheader'
AUTOMAKE='${SHELL} /home/adduser/libXfont2-2.0.4/libXfont2-2.0.4/missing automake-1.16'
AWK='gawk'
BASE_CFLAGS=' -Wall -Wpointer-arith -Wmissing-declarations -Wformat=2 -Wstrict-prototypes -Wmissing-prototypes -Wnested-externs -Wbad-function-cast -Wold-style-definition -Wdeclaration-after-statement -Wunused -Wuninitialized -Wshadow -Wmissing-noreturn -Wmissing-format-attribute -Wredundant-decls -Wlogical-op -Wimplicit -Wnonnull -Winit-self -Wmain -Wmissing-braces -Wsequence-point -Wreturn-type -Wtrigraphs -Warray-bounds -Wwrite-strings -Waddress -Wint-to-pointer-cast -Wpointer-to-int-cast'
CC='gcc'
CCDEPMODE='depmode=gcc3'
CFLAGS='-g -O2'
CHANGELOG_CMD='(GIT_DIR=$(top_srcdir)/.git git log > $(top_srcdir)/.changelog.tmp && mv $(top_srcdir)/.changelog.tmp $(top_srcdir)/ChangeLog) || (rm -f $(top_srcdir)/.changelog.tmp; touch $(top_srcdir)/ChangeLog; echo '\''git directory not found: installing possibly empty changelog.'\'' >&2)'
CPP='gcc -E'
CPPFLAGS=''
CWARNFLAGS=' -Wall -Wpointer-arith -Wmissing-declarations -Wformat=2 -Wstrict-prototypes -Wmissing-prototypes -Wnested-externs -Wbad-function-cast -Wold-style-definition -Wdeclaration-after-statement -Wunused -Wuninitialized -Wshadow -Wmissing-noreturn -Wmissing-format-attribute -Wredundant-decls -Wlogical-op -Wimplicit -Wnonnull -Winit-self -Wmain -Wmissing-braces -Wsequence-point -Wreturn-type -Wtrigraphs -Warray-bounds -Wwrite-strings -Waddress -Wint-to-pointer-cast -Wpointer-to-int-cast -fno-strict-aliasing'
CYGPATH_W='echo'
DEFS='-DHAVE_CONFIG_H'
DEPDIR='.deps'
DLLTOOL='false'
DRIVER_MAN_DIR='$(mandir)/man$(DRIVER_MAN_SUFFIX)'
DRIVER_MAN_SUFFIX='4'
DSYMUTIL=''
DUMPBIN=''
ECHO_C=''
ECHO_N='-n'
ECHO_T=''
EGREP='/usr/bin/grep -E'
ENABLE_DEVEL_DOCS_FALSE='#'
ENABLE_DEVEL_DOCS_TRUE=''
EXEEXT=''
FGREP='/usr/bin/grep -F'
FILE_MAN_DIR='$(mandir)/man$(FILE_MAN_SUFFIX)'
FILE_MAN_SUFFIX='5'
FOP=''
FREETYPE_CFLAGS='-I/usr/include/freetype2 -I/usr/include/libpng16'
FREETYPE_LIBS='-lfreetype'
FREETYPE_REQUIRES='freetype2'
GREP='/usr/bin/grep'
HAVE_FOP_FALSE=''
HAVE_FOP_TRUE='#'
HAVE_STYLESHEETS_FALSE='#'
HAVE_STYLESHEETS_TRUE=''
HAVE_XMLTO_FALSE=''
HAVE_XMLTO_TEXT_FALSE=''
HAVE_XMLTO_TEXT_TRUE='#'
HAVE_XMLTO_TRUE='#'
INSTALL_CMD='(cp -f /usr/share/util-macros/INSTALL $(top_srcdir)/.INSTALL.tmp && mv $(top_srcdir)/.INSTALL.tmp $(top_srcdir)/INSTALL) || (rm -f $(top_srcdir)/.INSTALL.tmp; touch $(top_srcdir)/INSTALL; echo '\''util-macros "pkgdatadir" from xorg-macros.pc not found: installing possibly empty INSTALL.'\'' >&2)'
INSTALL_DATA='${INSTALL} -m 644'
INSTALL_PROGRAM='${INSTALL}'
INSTALL_SCRIPT='${INSTALL}'
INSTALL_STRIP_PROGRAM='$(install_sh) -c -s'
LD='/usr/bin/ld -m elf_x86_64'
LDFLAGS=''
LIBOBJS=''
LIBS='-lbsd '
LIBTOOL='$(SHELL) $(top_builddir)/libtool'
LIB_MAN_DIR='$(mandir)/man$(LIB_MAN_SUFFIX)'
LIB_MAN_SUFFIX='3'
LIPO=''
LN_S='ln -s'
LTLIBOBJS=''
LT_SYS_LIBRARY_PATH=''
MAKEINFO='${SHELL} /home/adduser/libXfont2-2.0.4/libXfont2-2.0.4/missing makeinfo'
MANIFEST_TOOL=':'
MAN_SUBSTS='	-e '\''s|__vendorversion__|"$(PACKAGE_STRING)" "$(XORG_MAN_PAGE)"|'\'' 	-e '\''s|__xorgversion__|"$(PACKAGE_STRING)" "$(XORG_MAN_PAGE)"|'\'' 	-e '\''s|__xservername__|Xorg|g'\'' 	-e '\''s|__xconfigfile__|xorg.conf|g'\'' 	-e '\''s|__projectroot__|$(prefix)|g'\'' 	-e '\''s|__apploaddir__|$(appdefaultdir)|g'\'' 	-e '\''s|__appmansuffix__|$(APP_MAN_SUFFIX)|g'\'' 	-e '\''s|__drivermansuffix__|$(DRIVER_MAN_SUFFIX)|g'\'' 	-e '\''s|__adminmansuffix__|$(ADMIN_MAN_SUFFIX)|g'\'' 	-e '\''s|__libmansuffix__|$(LIB_MAN_SUFFIX)|g'\'' 	-e '\''s|__miscmansuffix__|$(MISC_MAN_SUFFIX)|g'\'' 	-e '\''s|__filemansuffix__|$(FILE_MAN_SUFFIX)|g'\'''
MATH_LIBS='-lm'
MISC_MAN_DIR='$(mandir)/man$(MISC_MAN_SUFFIX)'
MISC_MAN_SUFFIX='7'
MKDIR_P='/usr/bin/mkdir -p'
NM='/usr/bin/nm -B'
NMEDIT=''
OBJDUMP='objdump'
OBJEXT='o'
OS_CFLAGS='-D_XOPEN_SOURCE -fvisibility=hidden'
OTOOL64=''
OTOOL=''
PACKAGE='libXfont2'
PACKAGE_BUGREPORT='https://gitlab.freedesktop.org/xorg/lib/libXfont/issues'
PACKAGE_NAME='libXfont2'
PACKAGE_STRING='libXfont2 2.0.4'
PACKAGE_TARNAME='libXfont2'
PACKAGE_URL=''
PACKAGE_VERSION='2.0.4'
PATH_SEPARATOR=':'
PKG_CONFIG='/usr/bin/pkg-config'
PKG_CONFIG_LIBDIR=''
PKG_CONFIG_PATH=''
RANLIB='ranlib'
SED='/usr/bin/sed'
SET_MAKE=''
SHELL='/bin/bash'
STRICT_CFLAGS=' -pedantic -Werror -Werror=attributes'
STRIP='strip'
STYLESHEET_SRCDIR='/usr/share/sgml/X11'
VERSION='2.0.4'
XFONT_BDFFORMAT_FALSE='#'
XFONT_BDFFORMAT_TRUE=''
XFONT_BITMAP_FALSE='#'
XFONT_BITMAP_TRUE=''
XFONT_BUILTINS_FALSE='#'
XFONT_BUILTINS_TRUE=''
XFONT_CFLAGS='-D_DEFAULT_SOURCE -D_BSD_SOURCE -DHAS_FCHOWN -DHAS_STICKY_DIR_BIT'
XFONT_FC_FALSE='#'
XFONT_FC_TRUE=''
XFONT_FONTFILE_FALSE='#'
XFONT_FONTFILE_TRUE=''
XFONT_FREETYPE_FALSE='#'
XFONT_FREETYPE_TRUE=''
XFONT_LIBS='-lfontenc'
XFONT_PCFFORMAT_FALSE='#'
XFONT_PCFFORMAT_TRUE=''
XFONT_PCF_OR_BUILTIN_FALSE='#'
XFONT_PCF_OR_BUILTIN_TRUE=''
XFONT_SNFFORMAT_FALSE=''
XFONT_SNFFORMAT_TRUE='#'
XMLTO=''
XORG_MAN_PAGE='X Version 11'
XORG_SGML_PATH='/usr/share/sgml'
XSL_STYLESHEET='/usr/share/sgml/X11/xorg.xsl'
X_BZIP2_FONT_COMPRESSION_FALSE=''
X_BZIP2_FONT_COMPRESSION_TRUE='#'
X_GZIP_FONT_COMPRESSION='1'
Z_LIBS='-lz'
ac_ct_AR='ar'
ac_ct_CC='gcc'
ac_ct_DUMPBIN=''
am__EXEEXT_FALSE=''
am__EXEEXT_TRUE='#'
am__fastdepCC_FALSE='#'
am__fastdepCC_TRUE=''
am__include='include'
am__isrc=''
am__leading_dot='.'
am__nodep='_no'
am__quote=''
am__tar='$${TAR-tar} chof - "$$tardir"'
am__untar='$${TAR-tar} xf -'
bindir='${exec_prefix}/bin'
build='x86_64-pc-linux-gnu'
build_alias=''
build_cpu='x86_64'
build_os='linux-gnu'
build_vendor='pc'
datadir='${datarootdir}'
datarootdir='${prefix}/share'
docdir='${datarootdir}/doc/${PACKAGE_TARNAME}'
dvidir='${docdir}'
exec_prefix='${prefix}'
ft_config='no'
host='x86_64-pc-linux-gnu'
host_alias=''
host_cpu='x86_64'
host_os='linux-gnu'
host_vendor='pc'
htmldir='${docdir}'
includedir='${prefix}/include'
infodir='${datarootdir}/info'
install_sh='${SHELL} /home/adduser/libXfont2-2.0.4/libXfont2-2.0.4/install-sh'
libdir='${exec_prefix}/lib'
libexecdir='${exec_prefix}/libexec'
localedir='${datarootdir}/locale'
localstatedir='${prefix}/var'
mandir='${datarootdir}/man'
mkdir_p='$(MKDIR_P)'
oldincludedir='/usr/include'
pdfdir='${docdir}'
prefix='/usr/local'
program_transform_name='s,x,x,'
psdir='${docdir}'
runstatedir='${localstatedir}/run'
sbindir='${exec_prefix}/sbin'
sharedstatedir='${prefix}/com'
sysconfdir='${prefix}/etc'
target_alias=''

## ----------- ##
## confdefs.h. ##
## ----------- ##

/* confdefs.h */
#define PACKAGE_NAME "libXfont2"
#define PACKAGE_TARNAME "libXfont2"
#define PACKAGE_VERSION "2.0.4"
#define PACKAGE_STRING "libXfont2 2.0.4"
#define PACKAGE_BUGREPORT "https://gitlab.freedesktop.org/xorg/lib/libXfont/issues"
#define PACKAGE_URL ""
#define PACKAGE "libXfont2"
#define VERSION "2.0.4"
#define STDC_HEADERS 1
#define HAVE_SYS_TYPES_H 1
#define HAVE_SYS_STAT_H 1
#define HAVE_STDLIB_H 1
#define HAVE_STRING_H 1
#define HAVE_MEMORY_H 1
#define HAVE_STRINGS_H 1
#define HAVE_INTTYPES_H 1
#define HAVE_STDINT_H 1
#define HAVE_UNISTD_H 1
#define __EXTENSIONS__ 1
#define _ALL_SOURCE 1
#define _GNU_SOURCE 1
#define _POSIX_PTHREAD_SEMANTICS 1
#define _TANDEM_SOURCE 1
#define HAVE_DLFCN_H 1
#define LT_OBJDIR ".libs/"
#define PACKAGE_VERSION_MAJOR 2
#define PACKAGE_VERSION_MINOR 0
#define PACKAGE_VERSION_PATCHLEVEL 4
#define HAVE_ENDIAN_H 1
#define HAVE_POLL_H 1
#define HAVE_SYS_POLL_H 1
#define HAVE_POLL 1
#define HAVE_READLINK 1
#define HAVE_REALLOCARRAY 1
#define HAVE_STRLCAT 1
#define HAVE_STRLCPY 1
#define XFONT_FREETYPE 1
#define X_GZIP_FONT_COMPRESSION 1
#define XFONT_BUILTINS 1
#define XFONT_PCFFORMAT 1
#define XFONT_BDFFORMAT 1
#define XFONT_BITMAP 1
#define XFONT_FONTFILE 1
#define XFONT_FC 1
#define UNIXCONN 1
#define TCPCONN 1
#define IPv6 1
#define HAVE_SOCKLEN_T 1
#define HAVE_STRCASECMP 1
#define HAVE_STRLCPY 1

configure: exit 0
